<?xml version="1.0" encoding="utf-8"?>
<CoverageSession xmlns:xsd="http://www.w3.org/2001/XMLSchema" xmlns:xsi="http://www.w3.org/2001/XMLSchema-instance" Version="4.6.0.0">
  <Summary numSequencePoints="1147" visitedSequencePoints="13" numBranchPoints="321" visitedBranchPoints="6" sequenceCoverage="1.13" branchCoverage="1.87" maxCyclomaticComplexity="10" minCyclomaticComplexity="1" maxCrapScore="110" minCrapScore="1" visitedClasses="4" numClasses="43" visitedMethods="5" numMethods="202" />
  <Modules>
    <Module hash="67-CA-05-BC-93-EB-DA-5F-FD-0A-25-14-CB-AD-34-5E-2F-46-66-FC">
      <Summary numSequencePoints="2" visitedSequencePoints="2" numBranchPoints="1" visitedBranchPoints="1" sequenceCoverage="100" branchCoverage="100" maxCyclomaticComplexity="1" minCyclomaticComplexity="1" maxCrapScore="2" minCrapScore="1" visitedClasses="1" numClasses="1" visitedMethods="1" numMethods="1" />
      <ModulePath>F:\TAAlphaTeamProjectOneOOP-Battleships_REFACTORING\Battleships\Battleships.UnitTests\bin\Debug\Battleships.UnitTests.dll</ModulePath>
      <ModuleTime>2018-02-10T13:42:21.1437341Z</ModuleTime>
      <ModuleName>Battleships.UnitTests</ModuleName>
      <Files>
        <File uid="1" fullPath="F:\TAAlphaTeamProjectOneOOP-Battleships_REFACTORING\Battleships\Battleships.UnitTests\UnitTest1.cs" />
      </Files>
      <Classes>
        <Class>
          <Summary numSequencePoints="2" visitedSequencePoints="2" numBranchPoints="1" visitedBranchPoints="1" sequenceCoverage="100" branchCoverage="100" maxCyclomaticComplexity="1" minCyclomaticComplexity="1" maxCrapScore="2" minCrapScore="1" visitedClasses="1" numClasses="1" visitedMethods="1" numMethods="1" />
          <FullName>Battleships.UnitTests.UnitTest1</FullName>
          <Methods>
            <Method visited="true" cyclomaticComplexity="1" nPathComplexity="0" sequenceCoverage="100" branchCoverage="100" crapScore="1" isConstructor="false" isStatic="false" isGetter="false" isSetter="false">
              <Summary numSequencePoints="2" visitedSequencePoints="2" numBranchPoints="1" visitedBranchPoints="1" sequenceCoverage="100" branchCoverage="100" maxCyclomaticComplexity="1" minCyclomaticComplexity="1" maxCrapScore="1" minCrapScore="1" visitedClasses="0" numClasses="0" visitedMethods="1" numMethods="1" />
              <MetadataToken>100663297</MetadataToken>
              <Name>System.Void Battleships.UnitTests.UnitTest1::TestMethod1()</Name>
              <FileRef uid="1" />
              <SequencePoints>
                <SequencePoint vc="1" uspid="1" ordinal="0" offset="0" sl="11" sc="9" el="11" ec="10" bec="0" bev="0" fileid="1">
                  <TrackedMethodRefs>
                    <TrackedMethodRef uid="1" vc="1" />
                  </TrackedMethodRefs>
                </SequencePoint>
                <SequencePoint vc="1" uspid="2" ordinal="1" offset="1" sl="12" sc="9" el="12" ec="10" bec="0" bev="0" fileid="1">
                  <TrackedMethodRefs>
                    <TrackedMethodRef uid="1" vc="1" />
                  </TrackedMethodRefs>
                </SequencePoint>
              </SequencePoints>
              <BranchPoints />
              <MethodPoint xsi:type="SequencePoint" vc="1" uspid="1" ordinal="0" offset="0" sl="11" sc="9" el="11" ec="10" bec="0" bev="0" fileid="1">
                <TrackedMethodRefs>
                  <TrackedMethodRef uid="1" vc="1" />
                </TrackedMethodRefs>
              </MethodPoint>
            </Method>
            <Method visited="false" cyclomaticComplexity="1" nPathComplexity="0" sequenceCoverage="0" branchCoverage="0" crapScore="2" isConstructor="true" isStatic="false" isGetter="false" isSetter="false">
              <Summary numSequencePoints="0" visitedSequencePoints="0" numBranchPoints="0" visitedBranchPoints="0" sequenceCoverage="0" branchCoverage="0" maxCyclomaticComplexity="1" minCyclomaticComplexity="1" maxCrapScore="2" minCrapScore="2" visitedClasses="0" numClasses="0" visitedMethods="0" numMethods="0" />
              <MetadataToken>100663298</MetadataToken>
              <Name>System.Void Battleships.UnitTests.UnitTest1::.ctor()</Name>
              <SequencePoints />
              <BranchPoints />
              <MethodPoint vc="0" uspid="3" ordinal="0" offset="0" />
            </Method>
          </Methods>
        </Class>
      </Classes>
      <TrackedMethods>
        <TrackedMethod uid="1" token="100663297" name="System.Void Battleships.UnitTests.UnitTest1::TestMethod1()" strategy="MSTestTest" />
      </TrackedMethods>
    </Module>
    <Module hash="8C-97-BB-08-BC-A0-13-AD-5A-6C-43-AB-94-16-57-D5-2F-92-36-46">
      <Summary numSequencePoints="9" visitedSequencePoints="8" numBranchPoints="3" visitedBranchPoints="3" sequenceCoverage="88.89" branchCoverage="100" maxCyclomaticComplexity="2" minCyclomaticComplexity="1" maxCrapScore="2" minCrapScore="1" visitedClasses="2" numClasses="2" visitedMethods="3" numMethods="3" />
      <ModulePath>F:\TAAlphaTeamProjectOneOOP-Battleships_REFACTORING\Battleships\OlympicGamesUnitTests\bin\Debug\OlympicGamesUnitTests.dll</ModulePath>
      <ModuleTime>2018-02-10T13:42:24.7261012Z</ModuleTime>
      <ModuleName>OlympicGamesUnitTests</ModuleName>
      <Files>
        <File uid="3" fullPath="F:\TAAlphaTeamProjectOneOOP-Battleships_REFACTORING\Battleships\OlympicGamesUnitTests\CommandParserTests\ComandParserTesting.cs" />
      </Files>
      <Classes>
        <Class>
          <Summary numSequencePoints="8" visitedSequencePoints="7" numBranchPoints="2" visitedBranchPoints="2" sequenceCoverage="87.5" branchCoverage="100" maxCyclomaticComplexity="2" minCyclomaticComplexity="1" maxCrapScore="2" minCrapScore="1.01" visitedClasses="1" numClasses="1" visitedMethods="2" numMethods="2" />
          <FullName>OlympicGamesUnitTests.CommandParserTests.ComandParserTesting</FullName>
          <Methods>
            <Method visited="true" cyclomaticComplexity="2" nPathComplexity="0" sequenceCoverage="100" branchCoverage="100" crapScore="2" isConstructor="false" isStatic="false" isGetter="false" isSetter="false">
              <Summary numSequencePoints="3" visitedSequencePoints="3" numBranchPoints="1" visitedBranchPoints="1" sequenceCoverage="100" branchCoverage="100" maxCyclomaticComplexity="2" minCyclomaticComplexity="2" maxCrapScore="2" minCrapScore="2" visitedClasses="0" numClasses="0" visitedMethods="1" numMethods="1" />
              <MetadataToken>100663297</MetadataToken>
              <Name>System.Void OlympicGamesUnitTests.CommandParserTests.ComandParserTesting::ParserShouldThrowExWhenCmdFactoryIsNull()</Name>
              <FileRef uid="3" />
              <SequencePoints>
                <SequencePoint vc="1" uspid="4" ordinal="0" offset="0" sl="18" sc="9" el="18" ec="10" bec="0" bev="0" fileid="3">
                  <TrackedMethodRefs>
                    <TrackedMethodRef uid="2" vc="1" />
                  </TrackedMethodRefs>
                </SequencePoint>
                <SequencePoint vc="1" uspid="5" ordinal="1" offset="1" sl="19" sc="13" el="19" ec="81" bec="0" bev="0" fileid="3">
                  <TrackedMethodRefs>
                    <TrackedMethodRef uid="2" vc="1" />
                  </TrackedMethodRefs>
                </SequencePoint>
                <SequencePoint vc="1" uspid="6" ordinal="2" offset="38" sl="20" sc="9" el="20" ec="10" bec="0" bev="0" fileid="3">
                  <TrackedMethodRefs>
                    <TrackedMethodRef uid="2" vc="1" />
                  </TrackedMethodRefs>
                </SequencePoint>
              </SequencePoints>
              <BranchPoints />
              <MethodPoint xsi:type="SequencePoint" vc="1" uspid="4" ordinal="0" offset="0" sl="18" sc="9" el="18" ec="10" bec="0" bev="0" fileid="3">
                <TrackedMethodRefs>
                  <TrackedMethodRef uid="2" vc="1" />
                </TrackedMethodRefs>
              </MethodPoint>
            </Method>
            <Method visited="true" cyclomaticComplexity="1" nPathComplexity="0" sequenceCoverage="80" branchCoverage="100" crapScore="1.01" isConstructor="false" isStatic="false" isGetter="false" isSetter="false">
              <Summary numSequencePoints="5" visitedSequencePoints="4" numBranchPoints="1" visitedBranchPoints="1" sequenceCoverage="80" branchCoverage="100" maxCyclomaticComplexity="1" minCyclomaticComplexity="1" maxCrapScore="1.01" minCrapScore="1.01" visitedClasses="0" numClasses="0" visitedMethods="1" numMethods="1" />
              <MetadataToken>100663298</MetadataToken>
              <Name>System.Void OlympicGamesUnitTests.CommandParserTests.ComandParserTesting::SetsTheRightFactoryToProperty()</Name>
              <FileRef uid="3" />
              <SequencePoints>
                <SequencePoint vc="1" uspid="9" ordinal="0" offset="0" sl="23" sc="9" el="23" ec="10" bec="0" bev="0" fileid="3">
                  <TrackedMethodRefs>
                    <TrackedMethodRef uid="3" vc="1" />
                  </TrackedMethodRefs>
                </SequencePoint>
                <SequencePoint vc="1" uspid="10" ordinal="1" offset="1" sl="24" sc="13" el="24" ec="55" bec="0" bev="0" fileid="3">
                  <TrackedMethodRefs>
                    <TrackedMethodRef uid="3" vc="1" />
                  </TrackedMethodRefs>
                </SequencePoint>
                <SequencePoint vc="1" uspid="11" ordinal="2" offset="7" sl="25" sc="13" el="25" ec="53" bec="0" bev="0" fileid="3">
                  <TrackedMethodRefs>
                    <TrackedMethodRef uid="3" vc="1" />
                  </TrackedMethodRefs>
                </SequencePoint>
                <SequencePoint vc="1" uspid="12" ordinal="3" offset="13" sl="27" sc="13" el="27" ec="69" bec="0" bev="0" fileid="3">
                  <TrackedMethodRefs>
                    <TrackedMethodRef uid="3" vc="1" />
                  </TrackedMethodRefs>
                </SequencePoint>
                <SequencePoint vc="0" uspid="13" ordinal="4" offset="36" sl="28" sc="9" el="28" ec="10" bec="0" bev="0" fileid="3" />
              </SequencePoints>
              <BranchPoints />
              <MethodPoint xsi:type="SequencePoint" vc="1" uspid="9" ordinal="0" offset="0" sl="23" sc="9" el="23" ec="10" bec="0" bev="0" fileid="3">
                <TrackedMethodRefs>
                  <TrackedMethodRef uid="3" vc="1" />
                </TrackedMethodRefs>
              </MethodPoint>
            </Method>
            <Method visited="false" cyclomaticComplexity="1" nPathComplexity="0" sequenceCoverage="0" branchCoverage="0" crapScore="2" isConstructor="true" isStatic="false" isGetter="false" isSetter="false">
              <Summary numSequencePoints="0" visitedSequencePoints="0" numBranchPoints="0" visitedBranchPoints="0" sequenceCoverage="0" branchCoverage="0" maxCyclomaticComplexity="1" minCyclomaticComplexity="1" maxCrapScore="2" minCrapScore="2" visitedClasses="0" numClasses="0" visitedMethods="0" numMethods="0" />
              <MetadataToken>100663299</MetadataToken>
              <Name>System.Void OlympicGamesUnitTests.CommandParserTests.ComandParserTesting::.ctor()</Name>
              <SequencePoints />
              <BranchPoints />
              <MethodPoint vc="0" uspid="14" ordinal="0" offset="0" />
            </Method>
          </Methods>
        </Class>
        <Class>
          <Summary numSequencePoints="1" visitedSequencePoints="1" numBranchPoints="1" visitedBranchPoints="1" sequenceCoverage="100" branchCoverage="100" maxCyclomaticComplexity="1" minCyclomaticComplexity="1" maxCrapScore="2" minCrapScore="1" visitedClasses="1" numClasses="1" visitedMethods="1" numMethods="1" />
          <FullName>OlympicGamesUnitTests.CommandParserTests.ComandParserTesting/&lt;&gt;c</FullName>
          <Methods>
            <Method visited="false" cyclomaticComplexity="1" nPathComplexity="0" sequenceCoverage="0" branchCoverage="0" crapScore="2" isConstructor="true" isStatic="true" isGetter="false" isSetter="false">
              <Summary numSequencePoints="0" visitedSequencePoints="0" numBranchPoints="0" visitedBranchPoints="0" sequenceCoverage="0" branchCoverage="0" maxCyclomaticComplexity="1" minCyclomaticComplexity="1" maxCrapScore="2" minCrapScore="2" visitedClasses="0" numClasses="0" visitedMethods="0" numMethods="0" />
              <MetadataToken>100663300</MetadataToken>
              <Name>System.Void OlympicGamesUnitTests.CommandParserTests.ComandParserTesting/&lt;&gt;c::.cctor()</Name>
              <SequencePoints />
              <BranchPoints />
              <MethodPoint vc="0" uspid="15" ordinal="0" offset="0" />
            </Method>
            <Method visited="false" cyclomaticComplexity="1" nPathComplexity="0" sequenceCoverage="0" branchCoverage="0" crapScore="2" isConstructor="true" isStatic="false" isGetter="false" isSetter="false">
              <Summary numSequencePoints="0" visitedSequencePoints="0" numBranchPoints="0" visitedBranchPoints="0" sequenceCoverage="0" branchCoverage="0" maxCyclomaticComplexity="1" minCyclomaticComplexity="1" maxCrapScore="2" minCrapScore="2" visitedClasses="0" numClasses="0" visitedMethods="0" numMethods="0" />
              <MetadataToken>100663301</MetadataToken>
              <Name>System.Void OlympicGamesUnitTests.CommandParserTests.ComandParserTesting/&lt;&gt;c::.ctor()</Name>
              <SequencePoints />
              <BranchPoints />
              <MethodPoint vc="0" uspid="16" ordinal="0" offset="0" />
            </Method>
            <Method visited="true" cyclomaticComplexity="1" nPathComplexity="0" sequenceCoverage="100" branchCoverage="100" crapScore="1" isConstructor="false" isStatic="false" isGetter="false" isSetter="false">
              <Summary numSequencePoints="1" visitedSequencePoints="1" numBranchPoints="1" visitedBranchPoints="1" sequenceCoverage="100" branchCoverage="100" maxCyclomaticComplexity="1" minCyclomaticComplexity="1" maxCrapScore="1" minCrapScore="1" visitedClasses="0" numClasses="0" visitedMethods="1" numMethods="1" />
              <MetadataToken>100663302</MetadataToken>
              <Name>System.Void OlympicGamesUnitTests.CommandParserTests.ComandParserTesting/&lt;&gt;c::&lt;ParserShouldThrowExWhenCmdFactoryIsNull&gt;b__0_0()</Name>
              <FileRef uid="3" />
              <SequencePoints>
                <SequencePoint vc="1" uspid="17" ordinal="0" offset="0" sl="19" sc="56" el="19" ec="79" bec="0" bev="0" fileid="3">
                  <TrackedMethodRefs>
                    <TrackedMethodRef uid="2" vc="1" />
                  </TrackedMethodRefs>
                </SequencePoint>
              </SequencePoints>
              <BranchPoints />
              <MethodPoint xsi:type="SequencePoint" vc="1" uspid="17" ordinal="0" offset="0" sl="19" sc="56" el="19" ec="79" bec="0" bev="0" fileid="3">
                <TrackedMethodRefs>
                  <TrackedMethodRef uid="2" vc="1" />
                </TrackedMethodRefs>
              </MethodPoint>
            </Method>
          </Methods>
        </Class>
      </Classes>
      <TrackedMethods>
        <TrackedMethod uid="2" token="100663297" name="System.Void OlympicGamesUnitTests.CommandParserTests.ComandParserTesting::ParserShouldThrowExWhenCmdFactoryIsNull()" strategy="NUnitTest" />
        <TrackedMethod uid="3" token="100663298" name="System.Void OlympicGamesUnitTests.CommandParserTests.ComandParserTesting::SetsTheRightFactoryToProperty()" strategy="NUnitTest" />
      </TrackedMethods>
    </Module>
    <Module hash="D5-5A-01-2F-04-1B-2C-34-17-B1-E3-7B-51-18-44-8D-F3-EE-5C-1C">
      <Summary numSequencePoints="1136" visitedSequencePoints="3" numBranchPoints="317" visitedBranchPoints="2" sequenceCoverage="0.26" branchCoverage="0.63" maxCyclomaticComplexity="10" minCyclomaticComplexity="1" maxCrapScore="110" minCrapScore="2" visitedClasses="1" numClasses="40" visitedMethods="1" numMethods="198" />
      <ModulePath>F:\TAAlphaTeamProjectOneOOP-Battleships_REFACTORING\Battleships\OlympicGamesUnitTests\bin\Debug\Battleships.dll</ModulePath>
      <ModuleTime>2018-02-10T13:42:23.0140796Z</ModuleTime>
      <ModuleName>Battleships</ModuleName>
      <Files>
        <File uid="7" fullPath="F:\TAAlphaTeamProjectOneOOP-Battleships_REFACTORING\Battleships\Battleships\View\BattlefieldSegment.cs" />
        <File uid="8" fullPath="F:\TAAlphaTeamProjectOneOOP-Battleships_REFACTORING\Battleships\Battleships\View\EnemyBattlefieldSegment.cs" />
        <File uid="9" fullPath="F:\TAAlphaTeamProjectOneOOP-Battleships_REFACTORING\Battleships\Battleships\View\GameInfoSegment.cs" />
        <File uid="10" fullPath="F:\TAAlphaTeamProjectOneOOP-Battleships_REFACTORING\Battleships\Battleships\View\InOutSegment.cs" />
        <File uid="11" fullPath="F:\TAAlphaTeamProjectOneOOP-Battleships_REFACTORING\Battleships\Battleships\View\PlayerBattlefieldSegment.cs" />
        <File uid="12" fullPath="F:\TAAlphaTeamProjectOneOOP-Battleships_REFACTORING\Battleships\Battleships\View\ConsoleView.cs" />
        <File uid="13" fullPath="F:\TAAlphaTeamProjectOneOOP-Battleships_REFACTORING\Battleships\Battleships\View\ViewFactory.cs" />
        <File uid="14" fullPath="F:\TAAlphaTeamProjectOneOOP-Battleships_REFACTORING\Battleships\Battleships\View\ViewSegment.cs" />
        <File uid="15" fullPath="F:\TAAlphaTeamProjectOneOOP-Battleships_REFACTORING\Battleships\Battleships\View\Common\ConsoleFontTooLargeException.cs" />
        <File uid="16" fullPath="F:\TAAlphaTeamProjectOneOOP-Battleships_REFACTORING\Battleships\Battleships\View\Common\StringExtensions.cs" />
        <File uid="17" fullPath="F:\TAAlphaTeamProjectOneOOP-Battleships_REFACTORING\Battleships\Battleships\View\Common\ViewSettings.cs" />
        <File uid="18" fullPath="F:\TAAlphaTeamProjectOneOOP-Battleships_REFACTORING\Battleships\Battleships\Utilities\Position.cs" />
        <File uid="19" fullPath="F:\TAAlphaTeamProjectOneOOP-Battleships_REFACTORING\Battleships\Battleships\Models\AircraftCarrier.cs" />
        <File uid="20" fullPath="F:\TAAlphaTeamProjectOneOOP-Battleships_REFACTORING\Battleships\Battleships\Models\Battlecruiser.cs" />
        <File uid="21" fullPath="F:\TAAlphaTeamProjectOneOOP-Battleships_REFACTORING\Battleships\Battleships\Models\Battlefield.cs" />
        <File uid="22" fullPath="F:\TAAlphaTeamProjectOneOOP-Battleships_REFACTORING\Battleships\Battleships\Models\Destroyer.cs" />
        <File uid="23" fullPath="F:\TAAlphaTeamProjectOneOOP-Battleships_REFACTORING\Battleships\Battleships\Models\Frigate.cs" />
        <File uid="24" fullPath="F:\TAAlphaTeamProjectOneOOP-Battleships_REFACTORING\Battleships\Battleships\Models\GameObjectElement.cs" />
        <File uid="25" fullPath="F:\TAAlphaTeamProjectOneOOP-Battleships_REFACTORING\Battleships\Battleships\Models\Player.cs" />
        <File uid="27" fullPath="F:\TAAlphaTeamProjectOneOOP-Battleships_REFACTORING\Battleships\Battleships\Models\Ship.cs" />
        <File uid="29" fullPath="F:\TAAlphaTeamProjectOneOOP-Battleships_REFACTORING\Battleships\Battleships\Models\Submarine.cs" />
        <File uid="30" fullPath="F:\TAAlphaTeamProjectOneOOP-Battleships_REFACTORING\Battleships\Battleships\Models\Water.cs" />
        <File uid="31" fullPath="F:\TAAlphaTeamProjectOneOOP-Battleships_REFACTORING\Battleships\Battleships\Factory\BattleShipFactory.cs" />
        <File uid="32" fullPath="F:\TAAlphaTeamProjectOneOOP-Battleships_REFACTORING\Battleships\Battleships\Factory\CommandFactory.cs" />
        <File uid="33" fullPath="F:\TAAlphaTeamProjectOneOOP-Battleships_REFACTORING\Battleships\Battleships\Commands\BeginPlayCommand.cs" />
        <File uid="34" fullPath="F:\TAAlphaTeamProjectOneOOP-Battleships_REFACTORING\Battleships\Battleships\Commands\CreateAircraftCarrierCommand.cs" />
        <File uid="35" fullPath="F:\TAAlphaTeamProjectOneOOP-Battleships_REFACTORING\Battleships\Battleships\Commands\CreateBattleCruiserCommand.cs" />
        <File uid="36" fullPath="F:\TAAlphaTeamProjectOneOOP-Battleships_REFACTORING\Battleships\Battleships\Commands\CreateDestroyerCommand.cs" />
        <File uid="37" fullPath="F:\TAAlphaTeamProjectOneOOP-Battleships_REFACTORING\Battleships\Battleships\Commands\CreateFrigateCommand.cs" />
        <File uid="38" fullPath="F:\TAAlphaTeamProjectOneOOP-Battleships_REFACTORING\Battleships\Battleships\Commands\CreatePlayerCommand.cs" />
        <File uid="39" fullPath="F:\TAAlphaTeamProjectOneOOP-Battleships_REFACTORING\Battleships\Battleships\Commands\CreateSubmarineCommand.cs" />
        <File uid="40" fullPath="F:\TAAlphaTeamProjectOneOOP-Battleships_REFACTORING\Battleships\Battleships\Commands\FireAtCommand.cs" />
        <File uid="41" fullPath="F:\TAAlphaTeamProjectOneOOP-Battleships_REFACTORING\Battleships\Battleships\BattleshipsEngine\Providers\CommandParser.cs" />
        <File uid="42" fullPath="F:\TAAlphaTeamProjectOneOOP-Battleships_REFACTORING\Battleships\Battleships\BattleshipsEngine\Providers\CommandProcessor.cs" />
        <File uid="44" fullPath="F:\TAAlphaTeamProjectOneOOP-Battleships_REFACTORING\Battleships\Battleships\BattleshipsEngine\Providers\ConsoleReader.cs" />
        <File uid="45" fullPath="F:\TAAlphaTeamProjectOneOOP-Battleships_REFACTORING\Battleships\Battleships\BattleshipsEngine\Providers\ConsoleWriter.cs" />
        <File uid="46" fullPath="F:\TAAlphaTeamProjectOneOOP-Battleships_REFACTORING\Battleships\Battleships\BattleshipsEngine\Engine.cs" />
      </Files>
      <Classes>
        <Class>
          <Summary numSequencePoints="191" visitedSequencePoints="0" numBranchPoints="59" visitedBranchPoints="0" sequenceCoverage="0" branchCoverage="0" maxCyclomaticComplexity="7" minCyclomaticComplexity="1" maxCrapScore="56" minCrapScore="2" visitedClasses="0" numClasses="1" visitedMethods="0" numMethods="19" />
          <FullName>Battleships.View.BattlefieldSegment</FullName>
          <Methods>
            <Method visited="false" cyclomaticComplexity="1" nPathComplexity="0" sequenceCoverage="0" branchCoverage="0" crapScore="2" isConstructor="false" isStatic="false" isGetter="true" isSetter="false">
              <Summary numSequencePoints="3" visitedSequencePoints="0" numBranchPoints="1" visitedBranchPoints="0" sequenceCoverage="0" branchCoverage="0" maxCyclomaticComplexity="1" minCyclomaticComplexity="1" maxCrapScore="2" minCrapScore="2" visitedClasses="0" numClasses="0" visitedMethods="0" numMethods="1" />
              <MetadataToken>100663298</MetadataToken>
              <Name>Battleships.Models.Contracts.IPlayer Battleships.View.BattlefieldSegment::get_Player()</Name>
              <FileRef uid="7" />
              <SequencePoints>
                <SequencePoint vc="0" uspid="18" ordinal="0" offset="0" sl="26" sc="13" el="26" ec="14" bec="0" bev="0" fileid="7" />
                <SequencePoint vc="0" uspid="19" ordinal="1" offset="1" sl="27" sc="17" el="27" ec="36" bec="0" bev="0" fileid="7" />
                <SequencePoint vc="0" uspid="20" ordinal="2" offset="10" sl="28" sc="13" el="28" ec="14" bec="0" bev="0" fileid="7" />
              </SequencePoints>
              <BranchPoints />
              <MethodPoint xsi:type="SequencePoint" vc="0" uspid="18" ordinal="0" offset="0" sl="26" sc="13" el="26" ec="14" bec="0" bev="0" fileid="7" />
            </Method>
            <Method visited="false" cyclomaticComplexity="1" nPathComplexity="0" sequenceCoverage="0" branchCoverage="0" crapScore="2" isConstructor="false" isStatic="false" isGetter="false" isSetter="true">
              <Summary numSequencePoints="5" visitedSequencePoints="0" numBranchPoints="1" visitedBranchPoints="0" sequenceCoverage="0" branchCoverage="0" maxCyclomaticComplexity="1" minCyclomaticComplexity="1" maxCrapScore="2" minCrapScore="2" visitedClasses="0" numClasses="0" visitedMethods="0" numMethods="1" />
              <MetadataToken>100663299</MetadataToken>
              <Name>System.Void Battleships.View.BattlefieldSegment::set_Player(Battleships.Models.Contracts.IPlayer)</Name>
              <FileRef uid="7" />
              <SequencePoints>
                <SequencePoint vc="0" uspid="21" ordinal="0" offset="0" sl="30" sc="13" el="30" ec="14" bec="0" bev="0" fileid="7" />
                <SequencePoint vc="0" uspid="22" ordinal="1" offset="1" sl="31" sc="17" el="31" ec="79" bec="0" bev="0" fileid="7" />
                <SequencePoint vc="0" uspid="23" ordinal="2" offset="28" sl="32" sc="17" el="32" ec="70" bec="0" bev="0" fileid="7" />
                <SequencePoint vc="0" uspid="24" ordinal="3" offset="50" sl="33" sc="17" el="33" ec="37" bec="0" bev="0" fileid="7" />
                <SequencePoint vc="0" uspid="25" ordinal="4" offset="57" sl="34" sc="13" el="34" ec="14" bec="0" bev="0" fileid="7" />
              </SequencePoints>
              <BranchPoints />
              <MethodPoint xsi:type="SequencePoint" vc="0" uspid="21" ordinal="0" offset="0" sl="30" sc="13" el="30" ec="14" bec="0" bev="0" fileid="7" />
            </Method>
            <Method visited="false" cyclomaticComplexity="1" nPathComplexity="0" sequenceCoverage="0" branchCoverage="0" crapScore="2" isConstructor="false" isStatic="false" isGetter="true" isSetter="false">
              <Summary numSequencePoints="3" visitedSequencePoints="0" numBranchPoints="1" visitedBranchPoints="0" sequenceCoverage="0" branchCoverage="0" maxCyclomaticComplexity="1" minCyclomaticComplexity="1" maxCrapScore="2" minCrapScore="2" visitedClasses="0" numClasses="0" visitedMethods="0" numMethods="1" />
              <MetadataToken>100663300</MetadataToken>
              <Name>System.Char Battleships.View.BattlefieldSegment::get_BattlefieldHorizontalSymbol()</Name>
              <FileRef uid="7" />
              <SequencePoints>
                <SequencePoint vc="0" uspid="26" ordinal="0" offset="0" sl="40" sc="13" el="40" ec="14" bec="0" bev="0" fileid="7" />
                <SequencePoint vc="0" uspid="27" ordinal="1" offset="1" sl="41" sc="17" el="41" ec="65" bec="0" bev="0" fileid="7" />
                <SequencePoint vc="0" uspid="28" ordinal="2" offset="6" sl="42" sc="13" el="42" ec="14" bec="0" bev="0" fileid="7" />
              </SequencePoints>
              <BranchPoints />
              <MethodPoint xsi:type="SequencePoint" vc="0" uspid="26" ordinal="0" offset="0" sl="40" sc="13" el="40" ec="14" bec="0" bev="0" fileid="7" />
            </Method>
            <Method visited="false" cyclomaticComplexity="1" nPathComplexity="0" sequenceCoverage="0" branchCoverage="0" crapScore="2" isConstructor="false" isStatic="false" isGetter="true" isSetter="false">
              <Summary numSequencePoints="3" visitedSequencePoints="0" numBranchPoints="1" visitedBranchPoints="0" sequenceCoverage="0" branchCoverage="0" maxCyclomaticComplexity="1" minCyclomaticComplexity="1" maxCrapScore="2" minCrapScore="2" visitedClasses="0" numClasses="0" visitedMethods="0" numMethods="1" />
              <MetadataToken>100663301</MetadataToken>
              <Name>System.Char Battleships.View.BattlefieldSegment::get_BattlefieldVerticalSymbol()</Name>
              <FileRef uid="7" />
              <SequencePoints>
                <SequencePoint vc="0" uspid="29" ordinal="0" offset="0" sl="48" sc="13" el="48" ec="14" bec="0" bev="0" fileid="7" />
                <SequencePoint vc="0" uspid="30" ordinal="1" offset="1" sl="49" sc="17" el="49" ec="63" bec="0" bev="0" fileid="7" />
                <SequencePoint vc="0" uspid="31" ordinal="2" offset="6" sl="50" sc="13" el="50" ec="14" bec="0" bev="0" fileid="7" />
              </SequencePoints>
              <BranchPoints />
              <MethodPoint xsi:type="SequencePoint" vc="0" uspid="29" ordinal="0" offset="0" sl="48" sc="13" el="48" ec="14" bec="0" bev="0" fileid="7" />
            </Method>
            <Method visited="false" cyclomaticComplexity="1" nPathComplexity="0" sequenceCoverage="0" branchCoverage="0" crapScore="2" isConstructor="false" isStatic="false" isGetter="true" isSetter="false">
              <Summary numSequencePoints="3" visitedSequencePoints="0" numBranchPoints="1" visitedBranchPoints="0" sequenceCoverage="0" branchCoverage="0" maxCyclomaticComplexity="1" minCyclomaticComplexity="1" maxCrapScore="2" minCrapScore="2" visitedClasses="0" numClasses="0" visitedMethods="0" numMethods="1" />
              <MetadataToken>100663302</MetadataToken>
              <Name>System.Char Battleships.View.BattlefieldSegment::get_BattlefieldCrossSymbol()</Name>
              <FileRef uid="7" />
              <SequencePoints>
                <SequencePoint vc="0" uspid="32" ordinal="0" offset="0" sl="56" sc="13" el="56" ec="14" bec="0" bev="0" fileid="7" />
                <SequencePoint vc="0" uspid="33" ordinal="1" offset="1" sl="57" sc="17" el="57" ec="60" bec="0" bev="0" fileid="7" />
                <SequencePoint vc="0" uspid="34" ordinal="2" offset="6" sl="58" sc="13" el="58" ec="14" bec="0" bev="0" fileid="7" />
              </SequencePoints>
              <BranchPoints />
              <MethodPoint xsi:type="SequencePoint" vc="0" uspid="32" ordinal="0" offset="0" sl="56" sc="13" el="56" ec="14" bec="0" bev="0" fileid="7" />
            </Method>
            <Method skippedDueTo="AutoImplementedProperty" visited="false" cyclomaticComplexity="1" nPathComplexity="0" sequenceCoverage="0" branchCoverage="0" crapScore="0" isConstructor="false" isStatic="false" isGetter="true" isSetter="false">
              <MetadataToken>100663303</MetadataToken>
              <Name>Battleships.Utilities.Contracts.IPosition Battleships.View.BattlefieldSegment::get_BattlefieldStartingPosition()</Name>
              <FileRef uid="7" />
              <SequencePoints />
              <BranchPoints />
            </Method>
            <Method skippedDueTo="AutoImplementedProperty" visited="false" cyclomaticComplexity="1" nPathComplexity="0" sequenceCoverage="0" branchCoverage="0" crapScore="0" isConstructor="false" isStatic="false" isGetter="false" isSetter="true">
              <MetadataToken>100663304</MetadataToken>
              <Name>System.Void Battleships.View.BattlefieldSegment::set_BattlefieldStartingPosition(Battleships.Utilities.Contracts.IPosition)</Name>
              <FileRef uid="7" />
              <SequencePoints />
              <BranchPoints />
            </Method>
            <Method skippedDueTo="AutoImplementedProperty" visited="false" cyclomaticComplexity="1" nPathComplexity="0" sequenceCoverage="0" branchCoverage="0" crapScore="0" isConstructor="false" isStatic="false" isGetter="true" isSetter="false">
              <MetadataToken>100663305</MetadataToken>
              <Name>System.Int32 Battleships.View.BattlefieldSegment::get_BattlefieldHeight()</Name>
              <FileRef uid="7" />
              <SequencePoints />
              <BranchPoints />
            </Method>
            <Method skippedDueTo="AutoImplementedProperty" visited="false" cyclomaticComplexity="1" nPathComplexity="0" sequenceCoverage="0" branchCoverage="0" crapScore="0" isConstructor="false" isStatic="false" isGetter="false" isSetter="true">
              <MetadataToken>100663306</MetadataToken>
              <Name>System.Void Battleships.View.BattlefieldSegment::set_BattlefieldHeight(System.Int32)</Name>
              <FileRef uid="7" />
              <SequencePoints />
              <BranchPoints />
            </Method>
            <Method skippedDueTo="AutoImplementedProperty" visited="false" cyclomaticComplexity="1" nPathComplexity="0" sequenceCoverage="0" branchCoverage="0" crapScore="0" isConstructor="false" isStatic="false" isGetter="true" isSetter="false">
              <MetadataToken>100663307</MetadataToken>
              <Name>System.Int32 Battleships.View.BattlefieldSegment::get_BattlefieldWidth()</Name>
              <FileRef uid="7" />
              <SequencePoints />
              <BranchPoints />
            </Method>
            <Method skippedDueTo="AutoImplementedProperty" visited="false" cyclomaticComplexity="1" nPathComplexity="0" sequenceCoverage="0" branchCoverage="0" crapScore="0" isConstructor="false" isStatic="false" isGetter="false" isSetter="true">
              <MetadataToken>100663308</MetadataToken>
              <Name>System.Void Battleships.View.BattlefieldSegment::set_BattlefieldWidth(System.Int32)</Name>
              <FileRef uid="7" />
              <SequencePoints />
              <BranchPoints />
            </Method>
            <Method skippedDueTo="AutoImplementedProperty" visited="false" cyclomaticComplexity="1" nPathComplexity="0" sequenceCoverage="0" branchCoverage="0" crapScore="0" isConstructor="false" isStatic="false" isGetter="true" isSetter="false">
              <MetadataToken>100663309</MetadataToken>
              <Name>System.Boolean Battleships.View.BattlefieldSegment::get_IsBattlefieldDrawn()</Name>
              <FileRef uid="7" />
              <SequencePoints />
              <BranchPoints />
            </Method>
            <Method skippedDueTo="AutoImplementedProperty" visited="false" cyclomaticComplexity="1" nPathComplexity="0" sequenceCoverage="0" branchCoverage="0" crapScore="0" isConstructor="false" isStatic="false" isGetter="false" isSetter="true">
              <MetadataToken>100663310</MetadataToken>
              <Name>System.Void Battleships.View.BattlefieldSegment::set_IsBattlefieldDrawn(System.Boolean)</Name>
              <FileRef uid="7" />
              <SequencePoints />
              <BranchPoints />
            </Method>
            <Method visited="false" cyclomaticComplexity="1" nPathComplexity="0" sequenceCoverage="0" branchCoverage="0" crapScore="2" isConstructor="true" isStatic="false" isGetter="false" isSetter="false">
              <Summary numSequencePoints="4" visitedSequencePoints="0" numBranchPoints="1" visitedBranchPoints="0" sequenceCoverage="0" branchCoverage="0" maxCyclomaticComplexity="1" minCyclomaticComplexity="1" maxCrapScore="2" minCrapScore="2" visitedClasses="0" numClasses="0" visitedMethods="0" numMethods="1" />
              <MetadataToken>100663297</MetadataToken>
              <Name>System.Void Battleships.View.BattlefieldSegment::.ctor(System.Int32,System.Int32,System.Int32,System.Int32)</Name>
              <FileRef uid="7" />
              <SequencePoints>
                <SequencePoint vc="0" uspid="35" ordinal="0" offset="0" sl="18" sc="97" el="18" ec="142" bec="0" bev="0" fileid="7" />
                <SequencePoint vc="0" uspid="36" ordinal="1" offset="12" sl="19" sc="9" el="19" ec="10" bec="0" bev="0" fileid="7" />
                <SequencePoint vc="0" uspid="37" ordinal="2" offset="13" sl="20" sc="13" el="20" ec="40" bec="0" bev="0" fileid="7" />
                <SequencePoint vc="0" uspid="38" ordinal="3" offset="21" sl="21" sc="9" el="21" ec="10" bec="0" bev="0" fileid="7" />
              </SequencePoints>
              <BranchPoints />
              <MethodPoint xsi:type="SequencePoint" vc="0" uspid="35" ordinal="0" offset="0" sl="18" sc="97" el="18" ec="142" bec="0" bev="0" fileid="7" />
            </Method>
            <Method visited="false" cyclomaticComplexity="1" nPathComplexity="0" sequenceCoverage="0" branchCoverage="0" crapScore="2" isConstructor="false" isStatic="false" isGetter="false" isSetter="false">
              <Summary numSequencePoints="7" visitedSequencePoints="0" numBranchPoints="1" visitedBranchPoints="0" sequenceCoverage="0" branchCoverage="0" maxCyclomaticComplexity="1" minCyclomaticComplexity="1" maxCrapScore="2" minCrapScore="2" visitedClasses="0" numClasses="0" visitedMethods="0" numMethods="1" />
              <MetadataToken>100663311</MetadataToken>
              <Name>System.Void Battleships.View.BattlefieldSegment::CalculateBattlefieldStartingPosition(Battleships.Models.Contracts.IBattlefield)</Name>
              <FileRef uid="7" />
              <SequencePoints>
                <SequencePoint vc="0" uspid="39" ordinal="0" offset="0" sl="70" sc="9" el="70" ec="10" bec="0" bev="0" fileid="7" />
                <SequencePoint vc="0" uspid="40" ordinal="1" offset="1" sl="71" sc="13" el="71" ec="64" bec="0" bev="0" fileid="7" />
                <SequencePoint vc="0" uspid="41" ordinal="2" offset="17" sl="72" sc="13" el="72" ec="68" bec="0" bev="0" fileid="7" />
                <SequencePoint vc="0" uspid="42" ordinal="3" offset="26" sl="74" sc="13" el="74" ec="63" bec="0" bev="0" fileid="7" />
                <SequencePoint vc="0" uspid="43" ordinal="4" offset="42" sl="75" sc="13" el="75" ec="68" bec="0" bev="0" fileid="7" />
                <SequencePoint vc="0" uspid="44" ordinal="5" offset="51" sl="77" sc="13" el="77" ec="93" bec="0" bev="0" fileid="7" />
                <SequencePoint vc="0" uspid="45" ordinal="6" offset="70" sl="78" sc="9" el="78" ec="10" bec="0" bev="0" fileid="7" />
              </SequencePoints>
              <BranchPoints />
              <MethodPoint xsi:type="SequencePoint" vc="0" uspid="39" ordinal="0" offset="0" sl="70" sc="9" el="70" ec="10" bec="0" bev="0" fileid="7" />
            </Method>
            <Method visited="false" cyclomaticComplexity="1" nPathComplexity="0" sequenceCoverage="0" branchCoverage="0" crapScore="2" isConstructor="false" isStatic="false" isGetter="false" isSetter="false">
              <Summary numSequencePoints="3" visitedSequencePoints="0" numBranchPoints="1" visitedBranchPoints="0" sequenceCoverage="0" branchCoverage="0" maxCyclomaticComplexity="1" minCyclomaticComplexity="1" maxCrapScore="2" minCrapScore="2" visitedClasses="0" numClasses="0" visitedMethods="0" numMethods="1" />
              <MetadataToken>100663312</MetadataToken>
              <Name>System.Int32 Battleships.View.BattlefieldSegment::GetMinimumHeight()</Name>
              <FileRef uid="7" />
              <SequencePoints>
                <SequencePoint vc="0" uspid="46" ordinal="0" offset="0" sl="81" sc="9" el="81" ec="10" bec="0" bev="0" fileid="7" />
                <SequencePoint vc="0" uspid="47" ordinal="1" offset="1" sl="82" sc="13" el="82" ec="61" bec="0" bev="0" fileid="7" />
                <SequencePoint vc="0" uspid="48" ordinal="2" offset="6" sl="83" sc="9" el="83" ec="10" bec="0" bev="0" fileid="7" />
              </SequencePoints>
              <BranchPoints />
              <MethodPoint xsi:type="SequencePoint" vc="0" uspid="46" ordinal="0" offset="0" sl="81" sc="9" el="81" ec="10" bec="0" bev="0" fileid="7" />
            </Method>
            <Method visited="false" cyclomaticComplexity="1" nPathComplexity="0" sequenceCoverage="0" branchCoverage="0" crapScore="2" isConstructor="false" isStatic="false" isGetter="false" isSetter="false">
              <Summary numSequencePoints="3" visitedSequencePoints="0" numBranchPoints="1" visitedBranchPoints="0" sequenceCoverage="0" branchCoverage="0" maxCyclomaticComplexity="1" minCyclomaticComplexity="1" maxCrapScore="2" minCrapScore="2" visitedClasses="0" numClasses="0" visitedMethods="0" numMethods="1" />
              <MetadataToken>100663313</MetadataToken>
              <Name>System.Int32 Battleships.View.BattlefieldSegment::GetMinimumWidth()</Name>
              <FileRef uid="7" />
              <SequencePoints>
                <SequencePoint vc="0" uspid="49" ordinal="0" offset="0" sl="86" sc="9" el="86" ec="10" bec="0" bev="0" fileid="7" />
                <SequencePoint vc="0" uspid="50" ordinal="1" offset="1" sl="87" sc="13" el="87" ec="60" bec="0" bev="0" fileid="7" />
                <SequencePoint vc="0" uspid="51" ordinal="2" offset="6" sl="88" sc="9" el="88" ec="10" bec="0" bev="0" fileid="7" />
              </SequencePoints>
              <BranchPoints />
              <MethodPoint xsi:type="SequencePoint" vc="0" uspid="49" ordinal="0" offset="0" sl="86" sc="9" el="86" ec="10" bec="0" bev="0" fileid="7" />
            </Method>
            <Method visited="false" cyclomaticComplexity="3" nPathComplexity="4" sequenceCoverage="0" branchCoverage="0" crapScore="12" isConstructor="false" isStatic="false" isGetter="false" isSetter="false">
              <Summary numSequencePoints="12" visitedSequencePoints="0" numBranchPoints="5" visitedBranchPoints="0" sequenceCoverage="0" branchCoverage="0" maxCyclomaticComplexity="3" minCyclomaticComplexity="3" maxCrapScore="12" minCrapScore="12" visitedClasses="0" numClasses="0" visitedMethods="0" numMethods="1" />
              <MetadataToken>100663314</MetadataToken>
              <Name>System.Void Battleships.View.BattlefieldSegment::Update()</Name>
              <FileRef uid="7" />
              <SequencePoints>
                <SequencePoint vc="0" uspid="52" ordinal="0" offset="0" sl="91" sc="9" el="91" ec="10" bec="0" bev="0" fileid="7" />
                <SequencePoint vc="0" uspid="53" ordinal="1" offset="1" sl="92" sc="13" el="92" ec="37" bec="2" bev="0" fileid="7" />
                <SequencePoint vc="0" uspid="54" ordinal="2" offset="14" sl="93" sc="13" el="93" ec="14" bec="0" bev="0" fileid="7" />
                <SequencePoint vc="0" uspid="55" ordinal="3" offset="15" sl="94" sc="17" el="94" ec="24" bec="0" bev="0" fileid="7" />
                <SequencePoint vc="0" uspid="56" ordinal="4" offset="17" sl="97" sc="13" el="97" ec="37" bec="2" bev="0" fileid="7" />
                <SequencePoint vc="0" uspid="57" ordinal="5" offset="30" sl="98" sc="13" el="98" ec="14" bec="0" bev="0" fileid="7" />
                <SequencePoint vc="0" uspid="58" ordinal="6" offset="31" sl="99" sc="17" el="99" ec="40" bec="0" bev="0" fileid="7" />
                <SequencePoint vc="0" uspid="59" ordinal="7" offset="38" sl="100" sc="17" el="100" ec="50" bec="0" bev="0" fileid="7" />
                <SequencePoint vc="0" uspid="60" ordinal="8" offset="45" sl="101" sc="17" el="101" ec="34" bec="0" bev="0" fileid="7" />
                <SequencePoint vc="0" uspid="61" ordinal="9" offset="52" sl="102" sc="13" el="102" ec="14" bec="0" bev="0" fileid="7" />
                <SequencePoint vc="0" uspid="62" ordinal="10" offset="53" sl="103" sc="13" el="103" ec="30" bec="0" bev="0" fileid="7" />
                <SequencePoint vc="0" uspid="63" ordinal="11" offset="60" sl="104" sc="9" el="104" ec="10" bec="0" bev="0" fileid="7" />
              </SequencePoints>
              <BranchPoints>
                <BranchPoint vc="0" uspid="64" ordinal="0" offset="12" sl="92" path="0" offsetend="14" fileid="7" />
                <BranchPoint vc="0" uspid="65" ordinal="1" offset="12" sl="92" path="1" offsetend="17" fileid="7" />
                <BranchPoint vc="0" uspid="66" ordinal="2" offset="28" sl="97" path="0" offsetend="30" fileid="7" />
                <BranchPoint vc="0" uspid="67" ordinal="3" offset="28" sl="97" path="1" offsetend="53" fileid="7" />
              </BranchPoints>
              <MethodPoint xsi:type="SequencePoint" vc="0" uspid="52" ordinal="0" offset="0" sl="91" sc="9" el="91" ec="10" bec="0" bev="0" fileid="7" />
            </Method>
            <Method visited="false" cyclomaticComplexity="2" nPathComplexity="2" sequenceCoverage="0" branchCoverage="0" crapScore="6" isConstructor="false" isStatic="false" isGetter="false" isSetter="false">
              <Summary numSequencePoints="6" visitedSequencePoints="0" numBranchPoints="3" visitedBranchPoints="0" sequenceCoverage="0" branchCoverage="0" maxCyclomaticComplexity="2" minCyclomaticComplexity="2" maxCrapScore="6" minCrapScore="6" visitedClasses="0" numClasses="0" visitedMethods="0" numMethods="1" />
              <MetadataToken>100663315</MetadataToken>
              <Name>System.Void Battleships.View.BattlefieldSegment::Update(Battleships.Utilities.Contracts.IPosition)</Name>
              <FileRef uid="7" />
              <SequencePoints>
                <SequencePoint vc="0" uspid="68" ordinal="0" offset="0" sl="107" sc="9" el="107" ec="10" bec="0" bev="0" fileid="7" />
                <SequencePoint vc="0" uspid="69" ordinal="1" offset="1" sl="108" sc="13" el="108" ec="37" bec="2" bev="0" fileid="7" />
                <SequencePoint vc="0" uspid="70" ordinal="2" offset="14" sl="109" sc="13" el="109" ec="14" bec="0" bev="0" fileid="7" />
                <SequencePoint vc="0" uspid="71" ordinal="3" offset="15" sl="110" sc="17" el="110" ec="24" bec="0" bev="0" fileid="7" />
                <SequencePoint vc="0" uspid="72" ordinal="4" offset="17" sl="113" sc="13" el="113" ec="35" bec="0" bev="0" fileid="7" />
                <SequencePoint vc="0" uspid="73" ordinal="5" offset="25" sl="114" sc="9" el="114" ec="10" bec="0" bev="0" fileid="7" />
              </SequencePoints>
              <BranchPoints>
                <BranchPoint vc="0" uspid="74" ordinal="0" offset="12" sl="108" path="0" offsetend="14" fileid="7" />
                <BranchPoint vc="0" uspid="75" ordinal="1" offset="12" sl="108" path="1" offsetend="17" fileid="7" />
              </BranchPoints>
              <MethodPoint xsi:type="SequencePoint" vc="0" uspid="68" ordinal="0" offset="0" sl="107" sc="9" el="107" ec="10" bec="0" bev="0" fileid="7" />
            </Method>
            <Method visited="false" cyclomaticComplexity="5" nPathComplexity="16" sequenceCoverage="0" branchCoverage="0" crapScore="30" isConstructor="false" isStatic="false" isGetter="false" isSetter="false">
              <Summary numSequencePoints="27" visitedSequencePoints="0" numBranchPoints="9" visitedBranchPoints="0" sequenceCoverage="0" branchCoverage="0" maxCyclomaticComplexity="5" minCyclomaticComplexity="5" maxCrapScore="30" minCrapScore="30" visitedClasses="0" numClasses="0" visitedMethods="0" numMethods="1" />
              <MetadataToken>100663316</MetadataToken>
              <Name>System.Void Battleships.View.BattlefieldSegment::DrawElement(Battleships.Utilities.Contracts.IPosition)</Name>
              <FileRef uid="7" />
              <SequencePoints>
                <SequencePoint vc="0" uspid="76" ordinal="0" offset="0" sl="117" sc="9" el="117" ec="10" bec="0" bev="0" fileid="7" />
                <SequencePoint vc="0" uspid="77" ordinal="1" offset="1" sl="118" sc="13" el="118" ec="61" bec="0" bev="0" fileid="7" />
                <SequencePoint vc="0" uspid="78" ordinal="2" offset="19" sl="121" sc="13" el="121" ec="34" bec="4" bev="0" fileid="7" />
                <SequencePoint vc="0" uspid="79" ordinal="3" offset="37" sl="124" sc="21" el="124" ec="39" bec="2" bev="0" fileid="7" />
                <SequencePoint vc="0" uspid="80" ordinal="4" offset="49" sl="125" sc="21" el="125" ec="22" bec="0" bev="0" fileid="7" />
                <SequencePoint vc="0" uspid="81" ordinal="5" offset="50" sl="126" sc="25" el="126" ec="57" bec="0" bev="0" fileid="7" />
                <SequencePoint vc="0" uspid="82" ordinal="6" offset="53" sl="127" sc="25" el="127" ec="66" bec="0" bev="0" fileid="7" />
                <SequencePoint vc="0" uspid="83" ordinal="7" offset="61" sl="128" sc="21" el="128" ec="22" bec="0" bev="0" fileid="7" />
                <SequencePoint vc="0" uspid="84" ordinal="8" offset="64" sl="130" sc="21" el="130" ec="22" bec="0" bev="0" fileid="7" />
                <SequencePoint vc="0" uspid="85" ordinal="9" offset="65" sl="131" sc="25" el="131" ec="42" bec="0" bev="0" fileid="7" />
                <SequencePoint vc="0" uspid="86" ordinal="10" offset="72" sl="132" sc="25" el="132" ec="32" bec="0" bev="0" fileid="7" />
                <SequencePoint vc="0" uspid="87" ordinal="11" offset="74" sl="134" sc="21" el="134" ec="27" bec="0" bev="0" fileid="7" />
                <SequencePoint vc="0" uspid="88" ordinal="12" offset="76" sl="136" sc="21" el="136" ec="39" bec="2" bev="0" fileid="7" />
                <SequencePoint vc="0" uspid="89" ordinal="13" offset="88" sl="137" sc="21" el="137" ec="22" bec="0" bev="0" fileid="7" />
                <SequencePoint vc="0" uspid="90" ordinal="14" offset="89" sl="138" sc="25" el="138" ec="57" bec="0" bev="0" fileid="7" />
                <SequencePoint vc="0" uspid="91" ordinal="15" offset="92" sl="139" sc="25" el="139" ec="67" bec="0" bev="0" fileid="7" />
                <SequencePoint vc="0" uspid="92" ordinal="16" offset="100" sl="140" sc="21" el="140" ec="22" bec="0" bev="0" fileid="7" />
                <SequencePoint vc="0" uspid="93" ordinal="17" offset="103" sl="142" sc="21" el="142" ec="22" bec="0" bev="0" fileid="7" />
                <SequencePoint vc="0" uspid="94" ordinal="18" offset="104" sl="143" sc="25" el="143" ec="65" bec="0" bev="0" fileid="7" />
                <SequencePoint vc="0" uspid="95" ordinal="19" offset="107" sl="144" sc="25" el="144" ec="70" bec="0" bev="0" fileid="7" />
                <SequencePoint vc="0" uspid="96" ordinal="20" offset="115" sl="145" sc="21" el="145" ec="22" bec="0" bev="0" fileid="7" />
                <SequencePoint vc="0" uspid="97" ordinal="21" offset="116" sl="146" sc="21" el="146" ec="27" bec="0" bev="0" fileid="7" />
                <SequencePoint vc="0" uspid="98" ordinal="22" offset="118" sl="148" sc="21" el="148" ec="73" bec="0" bev="0" fileid="7" />
                <SequencePoint vc="0" uspid="99" ordinal="23" offset="129" sl="150" sc="13" el="150" ec="75" bec="0" bev="0" fileid="7" />
                <SequencePoint vc="0" uspid="100" ordinal="24" offset="137" sl="151" sc="13" el="151" ec="81" bec="0" bev="0" fileid="7" />
                <SequencePoint vc="0" uspid="101" ordinal="25" offset="155" sl="152" sc="13" el="152" ec="35" bec="0" bev="0" fileid="7" />
                <SequencePoint vc="0" uspid="102" ordinal="26" offset="162" sl="153" sc="9" el="153" ec="10" bec="0" bev="0" fileid="7" />
              </SequencePoints>
              <BranchPoints>
                <BranchPoint vc="0" uspid="103" ordinal="0" offset="27" sl="121" path="0" offsetchain="29" offsetend="31" fileid="7" />
                <BranchPoint vc="0" uspid="104" ordinal="1" offset="27" sl="121" path="1" offsetend="76" fileid="7" />
                <BranchPoint vc="0" uspid="105" ordinal="2" offset="33" sl="121" path="0" offsetchain="35" offsetend="118" fileid="7" />
                <BranchPoint vc="0" uspid="106" ordinal="3" offset="33" sl="121" path="1" offsetend="37" fileid="7" />
                <BranchPoint vc="0" uspid="107" ordinal="4" offset="47" sl="124" path="0" offsetend="49" fileid="7" />
                <BranchPoint vc="0" uspid="108" ordinal="5" offset="47" sl="124" path="1" offsetend="64" fileid="7" />
                <BranchPoint vc="0" uspid="109" ordinal="6" offset="86" sl="136" path="0" offsetend="88" fileid="7" />
                <BranchPoint vc="0" uspid="110" ordinal="7" offset="86" sl="136" path="1" offsetend="103" fileid="7" />
              </BranchPoints>
              <MethodPoint xsi:type="SequencePoint" vc="0" uspid="76" ordinal="0" offset="0" sl="117" sc="9" el="117" ec="10" bec="0" bev="0" fileid="7" />
            </Method>
            <Method visited="false" cyclomaticComplexity="6" nPathComplexity="32" sequenceCoverage="0" branchCoverage="0" crapScore="42" isConstructor="false" isStatic="false" isGetter="false" isSetter="false">
              <Summary numSequencePoints="32" visitedSequencePoints="0" numBranchPoints="11" visitedBranchPoints="0" sequenceCoverage="0" branchCoverage="0" maxCyclomaticComplexity="6" minCyclomaticComplexity="6" maxCrapScore="42" minCrapScore="42" visitedClasses="0" numClasses="0" visitedMethods="0" numMethods="1" />
              <MetadataToken>100663317</MetadataToken>
              <Name>System.Void Battleships.View.BattlefieldSegment::DrawBattleField()</Name>
              <FileRef uid="7" />
              <SequencePoints>
                <SequencePoint vc="0" uspid="111" ordinal="0" offset="0" sl="156" sc="9" el="156" ec="10" bec="0" bev="0" fileid="7" />
                <SequencePoint vc="0" uspid="112" ordinal="1" offset="1" sl="157" sc="13" el="157" ec="55" bec="0" bev="0" fileid="7" />
                <SequencePoint vc="0" uspid="113" ordinal="2" offset="13" sl="158" sc="13" el="158" ec="63" bec="0" bev="0" fileid="7" />
                <SequencePoint vc="0" uspid="114" ordinal="3" offset="21" sl="159" sc="13" el="159" ec="58" bec="0" bev="0" fileid="7" />
                <SequencePoint vc="0" uspid="115" ordinal="4" offset="29" sl="161" sc="13" el="161" ec="67" bec="0" bev="0" fileid="7" />
                <SequencePoint vc="0" uspid="116" ordinal="5" offset="46" sl="162" sc="13" el="162" ec="68" bec="0" bev="0" fileid="7" />
                <SequencePoint vc="0" uspid="117" ordinal="6" offset="63" sl="164" sc="18" el="164" ec="27" bec="0" bev="0" fileid="7" />
                <SequencePoint vc="0" uspid="118" ordinal="7" offset="70" sl="165" sc="13" el="165" ec="14" bec="0" bev="0" fileid="7" />
                <SequencePoint vc="0" uspid="119" ordinal="8" offset="71" sl="166" sc="22" el="166" ec="31" bec="0" bev="0" fileid="7" />
                <SequencePoint vc="0" uspid="120" ordinal="9" offset="75" sl="167" sc="17" el="167" ec="18" bec="0" bev="0" fileid="7" />
                <SequencePoint vc="0" uspid="121" ordinal="10" offset="76" sl="168" sc="21" el="168" ec="121" bec="0" bev="0" fileid="7" />
                <SequencePoint vc="0" uspid="122" ordinal="11" offset="108" sl="171" sc="21" el="171" ec="36" bec="2" bev="0" fileid="7" />
                <SequencePoint vc="0" uspid="123" ordinal="12" offset="118" sl="172" sc="21" el="172" ec="22" bec="0" bev="0" fileid="7" />
                <SequencePoint vc="0" uspid="124" ordinal="13" offset="119" sl="174" sc="25" el="174" ec="40" bec="2" bev="0" fileid="7" />
                <SequencePoint vc="0" uspid="125" ordinal="14" offset="131" sl="175" sc="25" el="175" ec="26" bec="0" bev="0" fileid="7" />
                <SequencePoint vc="0" uspid="126" ordinal="15" offset="132" sl="176" sc="29" el="176" ec="72" bec="0" bev="0" fileid="7" />
                <SequencePoint vc="0" uspid="127" ordinal="16" offset="144" sl="177" sc="29" el="177" ec="38" bec="0" bev="0" fileid="7" />
                <SequencePoint vc="0" uspid="128" ordinal="17" offset="146" sl="180" sc="25" el="180" ec="73" bec="0" bev="0" fileid="7" />
                <SequencePoint vc="0" uspid="129" ordinal="18" offset="158" sl="181" sc="25" el="181" ec="34" bec="0" bev="0" fileid="7" />
                <SequencePoint vc="0" uspid="130" ordinal="19" offset="160" sl="185" sc="21" el="185" ec="22" bec="0" bev="0" fileid="7" />
                <SequencePoint vc="0" uspid="131" ordinal="20" offset="161" sl="186" sc="25" el="186" ec="40" bec="2" bev="0" fileid="7" />
                <SequencePoint vc="0" uspid="132" ordinal="21" offset="173" sl="187" sc="25" el="187" ec="26" bec="0" bev="0" fileid="7" />
                <SequencePoint vc="0" uspid="133" ordinal="22" offset="174" sl="188" sc="29" el="188" ec="75" bec="0" bev="0" fileid="7" />
                <SequencePoint vc="0" uspid="134" ordinal="23" offset="186" sl="189" sc="25" el="189" ec="26" bec="0" bev="0" fileid="7" />
                <SequencePoint vc="0" uspid="135" ordinal="24" offset="187" sl="190" sc="21" el="190" ec="22" bec="0" bev="0" fileid="7" />
                <SequencePoint vc="0" uspid="136" ordinal="25" offset="188" sl="191" sc="17" el="191" ec="18" bec="0" bev="0" fileid="7" />
                <SequencePoint vc="0" uspid="137" ordinal="26" offset="189" sl="166" sc="61" el="166" ec="64" bec="0" bev="0" fileid="7" />
                <SequencePoint vc="0" uspid="138" ordinal="27" offset="193" sl="166" sc="33" el="166" ec="59" bec="2" bev="0" fileid="7" />
                <SequencePoint vc="0" uspid="139" ordinal="28" offset="211" sl="192" sc="13" el="192" ec="14" bec="0" bev="0" fileid="7" />
                <SequencePoint vc="0" uspid="140" ordinal="29" offset="212" sl="164" sc="56" el="164" ec="59" bec="0" bev="0" fileid="7" />
                <SequencePoint vc="0" uspid="141" ordinal="30" offset="216" sl="164" sc="29" el="164" ec="54" bec="2" bev="0" fileid="7" />
                <SequencePoint vc="0" uspid="142" ordinal="31" offset="234" sl="193" sc="9" el="193" ec="10" bec="0" bev="0" fileid="7" />
              </SequencePoints>
              <BranchPoints>
                <BranchPoint vc="0" uspid="143" ordinal="0" offset="116" sl="171" path="0" offsetend="118" fileid="7" />
                <BranchPoint vc="0" uspid="144" ordinal="1" offset="116" sl="171" path="1" offsetend="160" fileid="7" />
                <BranchPoint vc="0" uspid="145" ordinal="2" offset="129" sl="174" path="0" offsetend="131" fileid="7" />
                <BranchPoint vc="0" uspid="146" ordinal="3" offset="129" sl="174" path="1" offsetend="146" fileid="7" />
                <BranchPoint vc="0" uspid="147" ordinal="4" offset="171" sl="186" path="0" offsetend="173" fileid="7" />
                <BranchPoint vc="0" uspid="148" ordinal="5" offset="171" sl="186" path="1" offsetend="187" fileid="7" />
                <BranchPoint vc="0" uspid="149" ordinal="6" offset="206" sl="166" path="0" offsetend="211" fileid="7" />
                <BranchPoint vc="0" uspid="150" ordinal="7" offset="206" sl="166" path="1" offsetend="75" fileid="7" />
                <BranchPoint vc="0" uspid="151" ordinal="8" offset="229" sl="164" path="0" offsetend="234" fileid="7" />
                <BranchPoint vc="0" uspid="152" ordinal="9" offset="229" sl="164" path="1" offsetend="70" fileid="7" />
              </BranchPoints>
              <MethodPoint xsi:type="SequencePoint" vc="0" uspid="111" ordinal="0" offset="0" sl="156" sc="9" el="156" ec="10" bec="0" bev="0" fileid="7" />
            </Method>
            <Method visited="false" cyclomaticComplexity="7" nPathComplexity="32" sequenceCoverage="0" branchCoverage="0" crapScore="56" isConstructor="false" isStatic="false" isGetter="false" isSetter="false">
              <Summary numSequencePoints="28" visitedSequencePoints="0" numBranchPoints="11" visitedBranchPoints="0" sequenceCoverage="0" branchCoverage="0" maxCyclomaticComplexity="7" minCyclomaticComplexity="7" maxCrapScore="56" minCrapScore="56" visitedClasses="0" numClasses="0" visitedMethods="0" numMethods="1" />
              <MetadataToken>100663318</MetadataToken>
              <Name>System.Void Battleships.View.BattlefieldSegment::WriteIndexesOnBattlefield()</Name>
              <FileRef uid="7" />
              <SequencePoints>
                <SequencePoint vc="0" uspid="153" ordinal="0" offset="0" sl="196" sc="9" el="196" ec="10" bec="0" bev="0" fileid="7" />
                <SequencePoint vc="0" uspid="154" ordinal="1" offset="1" sl="197" sc="13" el="197" ec="51" bec="0" bev="0" fileid="7" />
                <SequencePoint vc="0" uspid="155" ordinal="2" offset="9" sl="199" sc="13" el="199" ec="30" bec="0" bev="0" fileid="7" />
                <SequencePoint vc="0" uspid="156" ordinal="3" offset="12" sl="200" sc="18" el="200" ec="27" bec="0" bev="0" fileid="7" />
                <SequencePoint vc="0" uspid="157" ordinal="4" offset="16" sl="201" sc="13" el="201" ec="14" bec="0" bev="0" fileid="7" />
                <SequencePoint vc="0" uspid="158" ordinal="5" offset="17" sl="202" sc="17" el="202" ec="32" bec="2" bev="0" fileid="7" />
                <SequencePoint vc="0" uspid="159" ordinal="6" offset="27" sl="203" sc="17" el="203" ec="18" bec="0" bev="0" fileid="7" />
                <SequencePoint vc="0" uspid="160" ordinal="7" offset="28" sl="204" sc="21" el="204" ec="30" bec="0" bev="0" fileid="7" />
                <SequencePoint vc="0" uspid="161" ordinal="8" offset="30" sl="207" sc="17" el="207" ec="148" bec="0" bev="0" fileid="7" />
                <SequencePoint vc="0" uspid="162" ordinal="9" offset="67" sl="208" sc="17" el="208" ec="39" bec="0" bev="0" fileid="7" />
                <SequencePoint vc="0" uspid="163" ordinal="10" offset="74" sl="209" sc="17" el="209" ec="26" bec="0" bev="0" fileid="7" />
                <SequencePoint vc="0" uspid="164" ordinal="11" offset="79" sl="210" sc="13" el="210" ec="14" bec="0" bev="0" fileid="7" />
                <SequencePoint vc="0" uspid="165" ordinal="12" offset="80" sl="200" sc="56" el="200" ec="59" bec="0" bev="0" fileid="7" />
                <SequencePoint vc="0" uspid="166" ordinal="13" offset="84" sl="200" sc="29" el="200" ec="54" bec="2" bev="0" fileid="7" />
                <SequencePoint vc="0" uspid="167" ordinal="14" offset="99" sl="213" sc="13" el="213" ec="27" bec="0" bev="0" fileid="7" />
                <SequencePoint vc="0" uspid="168" ordinal="15" offset="101" sl="214" sc="18" el="214" ec="27" bec="0" bev="0" fileid="7" />
                <SequencePoint vc="0" uspid="169" ordinal="16" offset="106" sl="215" sc="13" el="215" ec="14" bec="0" bev="0" fileid="7" />
                <SequencePoint vc="0" uspid="170" ordinal="17" offset="107" sl="216" sc="17" el="216" ec="32" bec="2" bev="0" fileid="7" />
                <SequencePoint vc="0" uspid="171" ordinal="18" offset="120" sl="217" sc="17" el="217" ec="18" bec="0" bev="0" fileid="7" />
                <SequencePoint vc="0" uspid="172" ordinal="19" offset="121" sl="218" sc="21" el="218" ec="30" bec="0" bev="0" fileid="7" />
                <SequencePoint vc="0" uspid="173" ordinal="20" offset="123" sl="221" sc="17" el="221" ec="55" bec="2" bev="0" fileid="7" />
                <SequencePoint vc="0" uspid="174" ordinal="21" offset="134" sl="222" sc="17" el="222" ec="138" bec="0" bev="0" fileid="7" />
                <SequencePoint vc="0" uspid="175" ordinal="22" offset="168" sl="223" sc="17" el="223" ec="38" bec="0" bev="0" fileid="7" />
                <SequencePoint vc="0" uspid="176" ordinal="23" offset="175" sl="224" sc="17" el="224" ec="25" bec="0" bev="0" fileid="7" />
                <SequencePoint vc="0" uspid="177" ordinal="24" offset="179" sl="225" sc="13" el="225" ec="14" bec="0" bev="0" fileid="7" />
                <SequencePoint vc="0" uspid="178" ordinal="25" offset="180" sl="214" sc="57" el="214" ec="60" bec="0" bev="0" fileid="7" />
                <SequencePoint vc="0" uspid="179" ordinal="26" offset="186" sl="214" sc="29" el="214" ec="55" bec="2" bev="0" fileid="7" />
                <SequencePoint vc="0" uspid="180" ordinal="27" offset="202" sl="226" sc="9" el="226" ec="10" bec="0" bev="0" fileid="7" />
              </SequencePoints>
              <BranchPoints>
                <BranchPoint vc="0" uspid="181" ordinal="0" offset="25" sl="202" path="0" offsetend="27" fileid="7" />
                <BranchPoint vc="0" uspid="182" ordinal="1" offset="25" sl="202" path="1" offsetend="30" fileid="7" />
                <BranchPoint vc="0" uspid="183" ordinal="2" offset="97" sl="200" path="0" offsetend="99" fileid="7" />
                <BranchPoint vc="0" uspid="184" ordinal="3" offset="97" sl="200" path="1" offsetend="16" fileid="7" />
                <BranchPoint vc="0" uspid="185" ordinal="4" offset="118" sl="216" path="0" offsetend="120" fileid="7" />
                <BranchPoint vc="0" uspid="186" ordinal="5" offset="118" sl="216" path="1" offsetend="123" fileid="7" />
                <BranchPoint vc="0" uspid="187" ordinal="6" offset="126" sl="221" path="0" offsetend="128" fileid="7" />
                <BranchPoint vc="0" uspid="188" ordinal="7" offset="126" sl="221" path="1" offsetend="131" fileid="7" />
                <BranchPoint vc="0" uspid="189" ordinal="8" offset="200" sl="214" path="0" offsetend="202" fileid="7" />
                <BranchPoint vc="0" uspid="190" ordinal="9" offset="200" sl="214" path="1" offsetend="106" fileid="7" />
              </BranchPoints>
              <MethodPoint xsi:type="SequencePoint" vc="0" uspid="153" ordinal="0" offset="0" sl="196" sc="9" el="196" ec="10" bec="0" bev="0" fileid="7" />
            </Method>
            <Method visited="false" cyclomaticComplexity="1" nPathComplexity="0" sequenceCoverage="0" branchCoverage="0" crapScore="2" isConstructor="false" isStatic="false" isGetter="false" isSetter="false">
              <Summary numSequencePoints="3" visitedSequencePoints="0" numBranchPoints="1" visitedBranchPoints="0" sequenceCoverage="0" branchCoverage="0" maxCyclomaticComplexity="1" minCyclomaticComplexity="1" maxCrapScore="2" minCrapScore="2" visitedClasses="0" numClasses="0" visitedMethods="0" numMethods="1" />
              <MetadataToken>100663319</MetadataToken>
              <Name>System.Void Battleships.View.BattlefieldSegment::DrawShips()</Name>
              <FileRef uid="7" />
              <SequencePoints>
                <SequencePoint vc="0" uspid="191" ordinal="0" offset="0" sl="229" sc="9" el="229" ec="10" bec="0" bev="0" fileid="7" />
                <SequencePoint vc="0" uspid="192" ordinal="1" offset="1" sl="230" sc="13" el="230" ec="47" bec="0" bev="0" fileid="7" />
                <SequencePoint vc="0" uspid="193" ordinal="2" offset="19" sl="231" sc="9" el="231" ec="10" bec="0" bev="0" fileid="7" />
              </SequencePoints>
              <BranchPoints />
              <MethodPoint xsi:type="SequencePoint" vc="0" uspid="191" ordinal="0" offset="0" sl="229" sc="9" el="229" ec="10" bec="0" bev="0" fileid="7" />
            </Method>
            <Method visited="false" cyclomaticComplexity="5" nPathComplexity="4" sequenceCoverage="0" branchCoverage="0" crapScore="30" isConstructor="false" isStatic="false" isGetter="false" isSetter="false">
              <Summary numSequencePoints="15" visitedSequencePoints="0" numBranchPoints="5" visitedBranchPoints="0" sequenceCoverage="0" branchCoverage="0" maxCyclomaticComplexity="5" minCyclomaticComplexity="5" maxCrapScore="30" minCrapScore="30" visitedClasses="0" numClasses="0" visitedMethods="0" numMethods="1" />
              <MetadataToken>100663320</MetadataToken>
              <Name>System.Void Battleships.View.BattlefieldSegment::DrawShips(System.Collections.Generic.IList`1&lt;Battleships.Models.Contracts.IShip&gt;)</Name>
              <FileRef uid="7" />
              <SequencePoints>
                <SequencePoint vc="0" uspid="194" ordinal="0" offset="0" sl="234" sc="9" el="234" ec="10" bec="0" bev="0" fileid="7" />
                <SequencePoint vc="0" uspid="195" ordinal="1" offset="1" sl="235" sc="13" el="235" ec="34" bec="2" bev="0" fileid="7" />
                <SequencePoint vc="0" uspid="196" ordinal="2" offset="14" sl="236" sc="13" el="236" ec="14" bec="0" bev="0" fileid="7" />
                <SequencePoint vc="0" uspid="197" ordinal="3" offset="15" sl="237" sc="17" el="237" ec="24" bec="0" bev="0" fileid="7" />
                <SequencePoint vc="0" uspid="198" ordinal="4" offset="17" sl="240" sc="13" el="240" ec="20" bec="0" bev="0" fileid="7" />
                <SequencePoint vc="0" uspid="199" ordinal="5" offset="18" sl="240" sc="33" el="240" ec="38" bec="0" bev="0" fileid="7" />
                <SequencePoint vc="0" uspid="200" ordinal="6" offset="27" sl="240" sc="22" el="240" ec="29" bec="0" bev="0" fileid="7" />
                <SequencePoint vc="0" uspid="201" ordinal="7" offset="34" sl="241" sc="13" el="241" ec="14" bec="0" bev="0" fileid="7" />
                <SequencePoint vc="0" uspid="202" ordinal="8" offset="35" sl="242" sc="17" el="242" ec="39" bec="2" bev="0" fileid="7" />
                <SequencePoint vc="0" uspid="203" ordinal="9" offset="47" sl="243" sc="17" el="243" ec="18" bec="0" bev="0" fileid="7" />
                <SequencePoint vc="0" uspid="204" ordinal="10" offset="48" sl="244" sc="21" el="244" ec="41" bec="0" bev="0" fileid="7" />
                <SequencePoint vc="0" uspid="205" ordinal="11" offset="56" sl="245" sc="17" el="245" ec="18" bec="0" bev="0" fileid="7" />
                <SequencePoint vc="0" uspid="206" ordinal="12" offset="57" sl="246" sc="13" el="246" ec="14" bec="0" bev="0" fileid="7" />
                <SequencePoint vc="0" uspid="207" ordinal="13" offset="58" sl="240" sc="30" el="240" ec="32" bec="0" bev="0" fileid="7" />
                <SequencePoint vc="0" uspid="208" ordinal="14" offset="79" sl="247" sc="9" el="247" ec="10" bec="0" bev="0" fileid="7" />
              </SequencePoints>
              <BranchPoints>
                <BranchPoint vc="0" uspid="209" ordinal="0" offset="12" sl="235" path="0" offsetend="14" fileid="7" />
                <BranchPoint vc="0" uspid="210" ordinal="1" offset="12" sl="235" path="1" offsetend="17" fileid="7" />
                <BranchPoint vc="0" uspid="211" ordinal="2" offset="45" sl="242" path="0" offsetend="47" fileid="7" />
                <BranchPoint vc="0" uspid="212" ordinal="3" offset="45" sl="242" path="1" offsetend="57" fileid="7" />
              </BranchPoints>
              <MethodPoint xsi:type="SequencePoint" vc="0" uspid="194" ordinal="0" offset="0" sl="234" sc="9" el="234" ec="10" bec="0" bev="0" fileid="7" />
            </Method>
            <Method visited="false" cyclomaticComplexity="1" nPathComplexity="0" sequenceCoverage="0" branchCoverage="0" crapScore="2" isConstructor="false" isStatic="false" isGetter="false" isSetter="false">
              <Summary numSequencePoints="3" visitedSequencePoints="0" numBranchPoints="1" visitedBranchPoints="0" sequenceCoverage="0" branchCoverage="0" maxCyclomaticComplexity="1" minCyclomaticComplexity="1" maxCrapScore="2" minCrapScore="2" visitedClasses="0" numClasses="0" visitedMethods="0" numMethods="1" />
              <MetadataToken>100663322</MetadataToken>
              <Name>System.Void Battleships.View.BattlefieldSegment::DrawWater()</Name>
              <FileRef uid="7" />
              <SequencePoints>
                <SequencePoint vc="0" uspid="215" ordinal="0" offset="0" sl="252" sc="9" el="252" ec="10" bec="0" bev="0" fileid="7" />
                <SequencePoint vc="0" uspid="216" ordinal="1" offset="1" sl="253" sc="13" el="253" ec="47" bec="0" bev="0" fileid="7" />
                <SequencePoint vc="0" uspid="217" ordinal="2" offset="19" sl="254" sc="9" el="254" ec="10" bec="0" bev="0" fileid="7" />
              </SequencePoints>
              <BranchPoints />
              <MethodPoint xsi:type="SequencePoint" vc="0" uspid="215" ordinal="0" offset="0" sl="252" sc="9" el="252" ec="10" bec="0" bev="0" fileid="7" />
            </Method>
            <Method visited="false" cyclomaticComplexity="4" nPathComplexity="2" sequenceCoverage="0" branchCoverage="0" crapScore="20" isConstructor="false" isStatic="false" isGetter="false" isSetter="false">
              <Summary numSequencePoints="22" visitedSequencePoints="0" numBranchPoints="3" visitedBranchPoints="0" sequenceCoverage="0" branchCoverage="0" maxCyclomaticComplexity="4" minCyclomaticComplexity="4" maxCrapScore="20" minCrapScore="20" visitedClasses="0" numClasses="0" visitedMethods="0" numMethods="1" />
              <MetadataToken>100663323</MetadataToken>
              <Name>System.Void Battleships.View.BattlefieldSegment::DrawWater(Battleships.Models.Contracts.IWater)</Name>
              <FileRef uid="7" />
              <SequencePoints>
                <SequencePoint vc="0" uspid="218" ordinal="0" offset="0" sl="257" sc="9" el="257" ec="10" bec="0" bev="0" fileid="7" />
                <SequencePoint vc="0" uspid="219" ordinal="1" offset="1" sl="258" sc="13" el="258" ec="57" bec="0" bev="0" fileid="7" />
                <SequencePoint vc="0" uspid="220" ordinal="2" offset="4" sl="259" sc="13" el="259" ec="46" bec="0" bev="0" fileid="7" />
                <SequencePoint vc="0" uspid="221" ordinal="3" offset="7" sl="261" sc="13" el="261" ec="20" bec="0" bev="0" fileid="7" />
                <SequencePoint vc="0" uspid="222" ordinal="4" offset="8" sl="261" sc="37" el="261" ec="51" bec="0" bev="0" fileid="7" />
                <SequencePoint vc="0" uspid="223" ordinal="5" offset="22" sl="261" sc="22" el="261" ec="33" bec="0" bev="0" fileid="7" />
                <SequencePoint vc="0" uspid="224" ordinal="6" offset="29" sl="262" sc="13" el="262" ec="14" bec="0" bev="0" fileid="7" />
                <SequencePoint vc="0" uspid="225" ordinal="7" offset="30" sl="263" sc="17" el="263" ec="82" bec="0" bev="0" fileid="7" />
                <SequencePoint vc="0" uspid="226" ordinal="8" offset="44" sl="265" sc="17" el="265" ec="85" bec="0" bev="0" fileid="7" />
                <SequencePoint vc="0" uspid="227" ordinal="9" offset="64" sl="269" sc="17" el="269" ec="35" bec="2" bev="0" fileid="7" />
                <SequencePoint vc="0" uspid="228" ordinal="10" offset="76" sl="270" sc="17" el="270" ec="18" bec="0" bev="0" fileid="7" />
                <SequencePoint vc="0" uspid="229" ordinal="11" offset="77" sl="271" sc="21" el="271" ec="63" bec="0" bev="0" fileid="7" />
                <SequencePoint vc="0" uspid="230" ordinal="12" offset="85" sl="272" sc="21" el="272" ec="34" bec="0" bev="0" fileid="7" />
                <SequencePoint vc="0" uspid="231" ordinal="13" offset="88" sl="273" sc="17" el="273" ec="18" bec="0" bev="0" fileid="7" />
                <SequencePoint vc="0" uspid="232" ordinal="14" offset="91" sl="275" sc="17" el="275" ec="18" bec="0" bev="0" fileid="7" />
                <SequencePoint vc="0" uspid="233" ordinal="15" offset="92" sl="276" sc="21" el="276" ec="66" bec="0" bev="0" fileid="7" />
                <SequencePoint vc="0" uspid="234" ordinal="16" offset="100" sl="277" sc="21" el="277" ec="37" bec="0" bev="0" fileid="7" />
                <SequencePoint vc="0" uspid="235" ordinal="17" offset="103" sl="278" sc="17" el="278" ec="18" bec="0" bev="0" fileid="7" />
                <SequencePoint vc="0" uspid="236" ordinal="18" offset="104" sl="280" sc="17" el="280" ec="39" bec="0" bev="0" fileid="7" />
                <SequencePoint vc="0" uspid="237" ordinal="19" offset="112" sl="281" sc="13" el="281" ec="14" bec="0" bev="0" fileid="7" />
                <SequencePoint vc="0" uspid="238" ordinal="20" offset="113" sl="261" sc="34" el="261" ec="36" bec="0" bev="0" fileid="7" />
                <SequencePoint vc="0" uspid="239" ordinal="21" offset="134" sl="282" sc="9" el="282" ec="10" bec="0" bev="0" fileid="7" />
              </SequencePoints>
              <BranchPoints>
                <BranchPoint vc="0" uspid="240" ordinal="0" offset="74" sl="269" path="0" offsetend="76" fileid="7" />
                <BranchPoint vc="0" uspid="241" ordinal="1" offset="74" sl="269" path="1" offsetend="91" fileid="7" />
              </BranchPoints>
              <MethodPoint xsi:type="SequencePoint" vc="0" uspid="218" ordinal="0" offset="0" sl="257" sc="9" el="257" ec="10" bec="0" bev="0" fileid="7" />
            </Method>
            <Method visited="false" cyclomaticComplexity="1" nPathComplexity="0" sequenceCoverage="0" branchCoverage="0" crapScore="2" isConstructor="false" isStatic="false" isGetter="false" isSetter="false">
              <Summary numSequencePoints="9" visitedSequencePoints="0" numBranchPoints="1" visitedBranchPoints="0" sequenceCoverage="0" branchCoverage="0" maxCyclomaticComplexity="1" minCyclomaticComplexity="1" maxCrapScore="2" minCrapScore="2" visitedClasses="0" numClasses="0" visitedMethods="0" numMethods="1" />
              <MetadataToken>100663324</MetadataToken>
              <Name>Battleships.Utilities.Contracts.IPosition Battleships.View.BattlefieldSegment::CalculateDrawingPosition(Battleships.Utilities.Contracts.IPosition)</Name>
              <FileRef uid="7" />
              <SequencePoints>
                <SequencePoint vc="0" uspid="244" ordinal="0" offset="0" sl="285" sc="9" el="285" ec="10" bec="0" bev="0" fileid="7" />
                <SequencePoint vc="0" uspid="245" ordinal="1" offset="1" sl="286" sc="13" el="286" ec="36" bec="0" bev="0" fileid="7" />
                <SequencePoint vc="0" uspid="246" ordinal="2" offset="8" sl="287" sc="13" el="287" ec="36" bec="0" bev="0" fileid="7" />
                <SequencePoint vc="0" uspid="247" ordinal="3" offset="15" sl="289" sc="13" el="289" ec="22" bec="0" bev="0" fileid="7" />
                <SequencePoint vc="0" uspid="248" ordinal="4" offset="19" sl="290" sc="13" el="290" ec="61" bec="0" bev="0" fileid="7" />
                <SequencePoint vc="0" uspid="249" ordinal="5" offset="35" sl="292" sc="13" el="292" ec="22" bec="0" bev="0" fileid="7" />
                <SequencePoint vc="0" uspid="250" ordinal="6" offset="39" sl="293" sc="13" el="293" ec="61" bec="0" bev="0" fileid="7" />
                <SequencePoint vc="0" uspid="251" ordinal="7" offset="55" sl="295" sc="13" el="295" ec="43" bec="0" bev="0" fileid="7" />
                <SequencePoint vc="0" uspid="252" ordinal="8" offset="70" sl="296" sc="9" el="296" ec="10" bec="0" bev="0" fileid="7" />
              </SequencePoints>
              <BranchPoints />
              <MethodPoint xsi:type="SequencePoint" vc="0" uspid="244" ordinal="0" offset="0" sl="285" sc="9" el="285" ec="10" bec="0" bev="0" fileid="7" />
            </Method>
          </Methods>
        </Class>
        <Class>
          <Summary numSequencePoints="25" visitedSequencePoints="0" numBranchPoints="4" visitedBranchPoints="0" sequenceCoverage="0" branchCoverage="0" maxCyclomaticComplexity="4" minCyclomaticComplexity="1" maxCrapScore="20" minCrapScore="2" visitedClasses="0" numClasses="1" visitedMethods="0" numMethods="2" />
          <FullName>Battleships.View.EnemyBattlefieldSegment</FullName>
          <Methods>
            <Method visited="false" cyclomaticComplexity="1" nPathComplexity="0" sequenceCoverage="0" branchCoverage="0" crapScore="2" isConstructor="true" isStatic="false" isGetter="false" isSetter="false">
              <Summary numSequencePoints="3" visitedSequencePoints="0" numBranchPoints="1" visitedBranchPoints="0" sequenceCoverage="0" branchCoverage="0" maxCyclomaticComplexity="1" minCyclomaticComplexity="1" maxCrapScore="2" minCrapScore="2" visitedClasses="0" numClasses="0" visitedMethods="0" numMethods="1" />
              <MetadataToken>100663325</MetadataToken>
              <Name>System.Void Battleships.View.EnemyBattlefieldSegment::.ctor(System.Int32,System.Int32,System.Int32,System.Int32)</Name>
              <FileRef uid="8" />
              <SequencePoints>
                <SequencePoint vc="0" uspid="253" ordinal="0" offset="0" sl="11" sc="99" el="11" ec="144" bec="0" bev="0" fileid="8" />
                <SequencePoint vc="0" uspid="254" ordinal="1" offset="12" sl="12" sc="9" el="12" ec="10" bec="0" bev="0" fileid="8" />
                <SequencePoint vc="0" uspid="255" ordinal="2" offset="13" sl="13" sc="9" el="13" ec="10" bec="0" bev="0" fileid="8" />
              </SequencePoints>
              <BranchPoints />
              <MethodPoint xsi:type="SequencePoint" vc="0" uspid="253" ordinal="0" offset="0" sl="11" sc="99" el="11" ec="144" bec="0" bev="0" fileid="8" />
            </Method>
            <Method visited="false" cyclomaticComplexity="4" nPathComplexity="2" sequenceCoverage="0" branchCoverage="0" crapScore="20" isConstructor="false" isStatic="false" isGetter="false" isSetter="false">
              <Summary numSequencePoints="22" visitedSequencePoints="0" numBranchPoints="3" visitedBranchPoints="0" sequenceCoverage="0" branchCoverage="0" maxCyclomaticComplexity="4" minCyclomaticComplexity="4" maxCrapScore="20" minCrapScore="20" visitedClasses="0" numClasses="0" visitedMethods="0" numMethods="1" />
              <MetadataToken>100663326</MetadataToken>
              <Name>System.Void Battleships.View.EnemyBattlefieldSegment::DrawShip(Battleships.Models.Contracts.IShip)</Name>
              <FileRef uid="8" />
              <SequencePoints>
                <SequencePoint vc="0" uspid="256" ordinal="0" offset="0" sl="16" sc="9" el="16" ec="10" bec="0" bev="0" fileid="8" />
                <SequencePoint vc="0" uspid="257" ordinal="1" offset="1" sl="18" sc="13" el="18" ec="47" bec="0" bev="0" fileid="8" />
                <SequencePoint vc="0" uspid="258" ordinal="2" offset="4" sl="19" sc="13" el="19" ec="58" bec="0" bev="0" fileid="8" />
                <SequencePoint vc="0" uspid="259" ordinal="3" offset="7" sl="22" sc="13" el="22" ec="20" bec="0" bev="0" fileid="8" />
                <SequencePoint vc="0" uspid="260" ordinal="4" offset="8" sl="22" sc="37" el="22" ec="50" bec="0" bev="0" fileid="8" />
                <SequencePoint vc="0" uspid="261" ordinal="5" offset="22" sl="22" sc="22" el="22" ec="33" bec="0" bev="0" fileid="8" />
[...]
            <Method visited="false" cyclomaticComplexity="2" nPathComplexity="0" sequenceCoverage="0" branchCoverage="0" crapScore="6" isConstructor="false" isStatic="false" isGetter="false" isSetter="false">
              <Summary numSequencePoints="0" visitedSequencePoints="0" numBranchPoints="0" visitedBranchPoints="0" sequenceCoverage="0" branchCoverage="0" maxCyclomaticComplexity="2" minCyclomaticComplexity="2" maxCrapScore="6" minCrapScore="6" visitedClasses="0" numClasses="0" visitedMethods="0" numMethods="0" />
              <MetadataToken>100663597</MetadataToken>
              <Name>System.Void Battleships.BattleShipsEngine.Engine::remove_Stopped(System.Action)</Name>
              <SequencePoints />
              <BranchPoints />
              <MethodPoint vc="0" uspid="1226" ordinal="0" offset="0" />
            </Method>
            <Method visited="false" cyclomaticComplexity="1" nPathComplexity="0" sequenceCoverage="0" branchCoverage="0" crapScore="2" isConstructor="true" isStatic="false" isGetter="false" isSetter="false">
              <Summary numSequencePoints="11" visitedSequencePoints="0" numBranchPoints="1" visitedBranchPoints="0" sequenceCoverage="0" branchCoverage="0" maxCyclomaticComplexity="1" minCyclomaticComplexity="1" maxCrapScore="2" minCrapScore="2" visitedClasses="0" numClasses="0" visitedMethods="0" numMethods="1" />
              <MetadataToken>100663598</MetadataToken>
              <Name>System.Void Battleships.BattleShipsEngine.Engine::.ctor(Battleships.BattleshipsEngine.ICommandParser,Battleships.BattleshipsEngine.Providers.ICommandProcessor,Battleships.Models.Contracts.IPlayer,Battleships.Models.Contracts.IPlayer,Battleships.Models.Contracts.IPlayer,System.Collections.Generic.IList`1&lt;Battleships.Models.Contracts.IShip&gt;,Battleships.Factory.IBattleShipFactory,Battleships.View.IViewFactory)</Name>
              <FileRef uid="46" />
              <SequencePoints>
                <SequencePoint vc="0" uspid="1227" ordinal="0" offset="0" sl="33" sc="9" el="43" ec="14" bec="0" bev="0" fileid="46" />
                <SequencePoint vc="0" uspid="1228" ordinal="1" offset="7" sl="44" sc="9" el="44" ec="10" bec="0" bev="0" fileid="46" />
                <SequencePoint vc="0" uspid="1229" ordinal="2" offset="8" sl="45" sc="13" el="45" ec="34" bec="0" bev="0" fileid="46" />
                <SequencePoint vc="0" uspid="1230" ordinal="3" offset="16" sl="46" sc="13" el="46" ec="40" bec="0" bev="0" fileid="46" />
                <SequencePoint vc="0" uspid="1231" ordinal="4" offset="23" sl="47" sc="13" el="47" ec="44" bec="0" bev="0" fileid="46" />
                <SequencePoint vc="0" uspid="1232" ordinal="5" offset="34" sl="48" sc="13" el="48" ec="36" bec="0" bev="0" fileid="46" />
                <SequencePoint vc="0" uspid="1233" ordinal="6" offset="42" sl="49" sc="13" el="49" ec="44" bec="0" bev="0" fileid="46" />
                <SequencePoint vc="0" uspid="1234" ordinal="7" offset="49" sl="50" sc="13" el="50" ec="50" bec="0" bev="0" fileid="46" />
                <SequencePoint vc="0" uspid="1235" ordinal="8" offset="57" sl="51" sc="13" el="51" ec="48" bec="0" bev="0" fileid="46" />
                <SequencePoint vc="0" uspid="1236" ordinal="9" offset="65" sl="52" sc="13" el="52" ec="50" bec="0" bev="0" fileid="46" />
                <SequencePoint vc="0" uspid="1237" ordinal="10" offset="73" sl="54" sc="9" el="54" ec="10" bec="0" bev="0" fileid="46" />
              </SequencePoints>
              <BranchPoints />
              <MethodPoint xsi:type="SequencePoint" vc="0" uspid="1227" ordinal="0" offset="0" sl="33" sc="9" el="43" ec="14" bec="0" bev="0" fileid="46" />
            </Method>
            <Method visited="false" cyclomaticComplexity="2" nPathComplexity="2" sequenceCoverage="0" branchCoverage="0" crapScore="6" isConstructor="false" isStatic="false" isGetter="false" isSetter="false">
              <Summary numSequencePoints="10" visitedSequencePoints="0" numBranchPoints="3" visitedBranchPoints="0" sequenceCoverage="0" branchCoverage="0" maxCyclomaticComplexity="2" minCyclomaticComplexity="2" maxCrapScore="6" minCrapScore="6" visitedClasses="0" numClasses="0" visitedMethods="0" numMethods="1" />
              <MetadataToken>100663609</MetadataToken>
              <Name>System.Void Battleships.BattleShipsEngine.Engine::AddPlayer(Battleships.Models.Contracts.IPlayer)</Name>
              <FileRef uid="46" />
              <SequencePoints>
                <SequencePoint vc="0" uspid="1238" ordinal="0" offset="0" sl="69" sc="9" el="69" ec="10" bec="0" bev="0" fileid="46" />
                <SequencePoint vc="0" uspid="1239" ordinal="1" offset="1" sl="70" sc="13" el="70" ec="42" bec="2" bev="0" fileid="46" />
                <SequencePoint vc="0" uspid="1240" ordinal="2" offset="14" sl="71" sc="13" el="71" ec="14" bec="0" bev="0" fileid="46" />
                <SequencePoint vc="0" uspid="1241" ordinal="3" offset="15" sl="72" sc="17" el="72" ec="43" bec="0" bev="0" fileid="46" />
                <SequencePoint vc="0" uspid="1242" ordinal="4" offset="22" sl="73" sc="13" el="73" ec="14" bec="0" bev="0" fileid="46" />
                <SequencePoint vc="0" uspid="1243" ordinal="5" offset="25" sl="75" sc="13" el="75" ec="14" bec="0" bev="0" fileid="46" />
                <SequencePoint vc="0" uspid="1244" ordinal="6" offset="26" sl="76" sc="17" el="76" ec="46" bec="0" bev="0" fileid="46" />
                <SequencePoint vc="0" uspid="1245" ordinal="7" offset="33" sl="77" sc="13" el="77" ec="14" bec="0" bev="0" fileid="46" />
                <SequencePoint vc="0" uspid="1246" ordinal="8" offset="34" sl="79" sc="13" el="79" ec="41" bec="0" bev="0" fileid="46" />
                <SequencePoint vc="0" uspid="1247" ordinal="9" offset="41" sl="80" sc="9" el="80" ec="10" bec="0" bev="0" fileid="46" />
              </SequencePoints>
              <BranchPoints>
                <BranchPoint vc="0" uspid="1248" ordinal="0" offset="12" sl="70" path="0" offsetend="14" fileid="46" />
                <BranchPoint vc="0" uspid="1249" ordinal="1" offset="12" sl="70" path="1" offsetend="25" fileid="46" />
              </BranchPoints>
              <MethodPoint xsi:type="SequencePoint" vc="0" uspid="1238" ordinal="0" offset="0" sl="69" sc="9" el="69" ec="10" bec="0" bev="0" fileid="46" />
            </Method>
            <Method visited="false" cyclomaticComplexity="1" nPathComplexity="0" sequenceCoverage="0" branchCoverage="0" crapScore="2" isConstructor="false" isStatic="false" isGetter="false" isSetter="false">
              <Summary numSequencePoints="3" visitedSequencePoints="0" numBranchPoints="1" visitedBranchPoints="0" sequenceCoverage="0" branchCoverage="0" maxCyclomaticComplexity="1" minCyclomaticComplexity="1" maxCrapScore="2" minCrapScore="2" visitedClasses="0" numClasses="0" visitedMethods="0" numMethods="1" />
              <MetadataToken>100663610</MetadataToken>
              <Name>System.Void Battleships.BattleShipsEngine.Engine::AddShip(Battleships.Models.Contracts.IShip)</Name>
              <FileRef uid="46" />
              <SequencePoints>
                <SequencePoint vc="0" uspid="1250" ordinal="0" offset="0" sl="84" sc="9" el="84" ec="10" bec="0" bev="0" fileid="46" />
                <SequencePoint vc="0" uspid="1251" ordinal="1" offset="1" sl="85" sc="13" el="85" ec="46" bec="0" bev="0" fileid="46" />
                <SequencePoint vc="0" uspid="1252" ordinal="2" offset="14" sl="86" sc="9" el="86" ec="10" bec="0" bev="0" fileid="46" />
              </SequencePoints>
              <BranchPoints />
              <MethodPoint xsi:type="SequencePoint" vc="0" uspid="1250" ordinal="0" offset="0" sl="84" sc="9" el="84" ec="10" bec="0" bev="0" fileid="46" />
            </Method>
            <Method visited="false" cyclomaticComplexity="3" nPathComplexity="2" sequenceCoverage="0" branchCoverage="0" crapScore="12" isConstructor="false" isStatic="false" isGetter="false" isSetter="false">
              <Summary numSequencePoints="5" visitedSequencePoints="0" numBranchPoints="3" visitedBranchPoints="0" sequenceCoverage="0" branchCoverage="0" maxCyclomaticComplexity="3" minCyclomaticComplexity="3" maxCrapScore="12" minCrapScore="12" visitedClasses="0" numClasses="0" visitedMethods="0" numMethods="1" />
              <MetadataToken>100663611</MetadataToken>
              <Name>System.String Battleships.BattleShipsEngine.Engine::FireAt(System.Int32,System.Int32)</Name>
              <FileRef uid="46" />
              <SequencePoints>
                <SequencePoint vc="0" uspid="1253" ordinal="0" offset="0" sl="89" sc="9" el="89" ec="10" bec="0" bev="0" fileid="46" />
                <SequencePoint vc="0" uspid="1254" ordinal="1" offset="1" sl="90" sc="13" el="90" ec="114" bec="2" bev="0" fileid="46" />
                <SequencePoint vc="0" uspid="1255" ordinal="2" offset="35" sl="91" sc="13" el="91" ec="70" bec="0" bev="0" fileid="46" />
                <SequencePoint vc="0" uspid="1256" ordinal="3" offset="64" sl="92" sc="13" el="92" ec="83" bec="0" bev="0" fileid="46" />
                <SequencePoint vc="0" uspid="1257" ordinal="4" offset="95" sl="93" sc="9" el="93" ec="10" bec="0" bev="0" fileid="46" />
              </SequencePoints>
              <BranchPoints>
                <BranchPoint vc="0" uspid="1258" ordinal="0" offset="14" sl="90" path="0" offsetend="16" fileid="46" />
                <BranchPoint vc="0" uspid="1259" ordinal="1" offset="14" sl="90" path="1" offsetend="24" fileid="46" />
              </BranchPoints>
              <MethodPoint xsi:type="SequencePoint" vc="0" uspid="1253" ordinal="0" offset="0" sl="89" sc="9" el="89" ec="10" bec="0" bev="0" fileid="46" />
            </Method>
            <Method visited="false" cyclomaticComplexity="1" nPathComplexity="0" sequenceCoverage="0" branchCoverage="0" crapScore="2" isConstructor="false" isStatic="false" isGetter="false" isSetter="false">
              <Summary numSequencePoints="5" visitedSequencePoints="0" numBranchPoints="1" visitedBranchPoints="0" sequenceCoverage="0" branchCoverage="0" maxCyclomaticComplexity="1" minCyclomaticComplexity="1" maxCrapScore="2" minCrapScore="2" visitedClasses="0" numClasses="0" visitedMethods="0" numMethods="1" />
              <MetadataToken>100663612</MetadataToken>
              <Name>System.Void Battleships.BattleShipsEngine.Engine::BeginPlay()</Name>
              <FileRef uid="46" />
              <SequencePoints>
                <SequencePoint vc="0" uspid="1260" ordinal="0" offset="0" sl="96" sc="9" el="96" ec="10" bec="0" bev="0" fileid="46" />
                <SequencePoint vc="0" uspid="1261" ordinal="1" offset="1" sl="97" sc="13" el="97" ec="54" bec="0" bev="0" fileid="46" />
                <SequencePoint vc="0" uspid="1262" ordinal="2" offset="19" sl="98" sc="13" el="98" ec="58" bec="0" bev="0" fileid="46" />
                <SequencePoint vc="0" uspid="1263" ordinal="3" offset="37" sl="99" sc="13" el="99" ec="51" bec="0" bev="0" fileid="46" />
                <SequencePoint vc="0" uspid="1264" ordinal="4" offset="49" sl="100" sc="9" el="100" ec="10" bec="0" bev="0" fileid="46" />
              </SequencePoints>
              <BranchPoints />
              <MethodPoint xsi:type="SequencePoint" vc="0" uspid="1260" ordinal="0" offset="0" sl="96" sc="9" el="96" ec="10" bec="0" bev="0" fileid="46" />
            </Method>
            <Method visited="false" cyclomaticComplexity="3" nPathComplexity="4" sequenceCoverage="0" branchCoverage="0" crapScore="12" isConstructor="false" isStatic="false" isGetter="false" isSetter="false">
              <Summary numSequencePoints="20" visitedSequencePoints="0" numBranchPoints="5" visitedBranchPoints="0" sequenceCoverage="0" branchCoverage="0" maxCyclomaticComplexity="3" minCyclomaticComplexity="3" maxCrapScore="12" minCrapScore="12" visitedClasses="0" numClasses="0" visitedMethods="0" numMethods="1" />
              <MetadataToken>100663613</MetadataToken>
              <Name>System.Void Battleships.BattleShipsEngine.Engine::Start()</Name>
              <FileRef uid="46" />
              <SequencePoints>
                <SequencePoint vc="0" uspid="1265" ordinal="0" offset="0" sl="105" sc="9" el="105" ec="10" bec="0" bev="0" fileid="46" />
                <SequencePoint vc="0" uspid="1266" ordinal="1" offset="1" sl="119" sc="13" el="119" ec="30" bec="0" bev="0" fileid="46" />
                <SequencePoint vc="0" uspid="1267" ordinal="2" offset="8" sl="120" sc="13" el="120" ec="43" bec="0" bev="0" fileid="46" />
                <SequencePoint vc="0" uspid="1268" ordinal="3" offset="12" sl="122" sc="13" el="122" ec="14" bec="0" bev="0" fileid="46" />
                <SequencePoint vc="0" uspid="1269" ordinal="4" offset="13" sl="124" sc="17" el="124" ec="18" bec="0" bev="0" fileid="46" />
                <SequencePoint vc="0" uspid="1270" ordinal="5" offset="14" sl="125" sc="21" el="125" ec="77" bec="0" bev="0" fileid="46" />
                <SequencePoint vc="0" uspid="1271" ordinal="6" offset="27" sl="127" sc="21" el="127" ec="41" bec="2" bev="0" fileid="46" />
                <SequencePoint vc="0" uspid="1272" ordinal="7" offset="35" sl="128" sc="21" el="128" ec="22" bec="0" bev="0" fileid="46" />
                <SequencePoint vc="0" uspid="1273" ordinal="8" offset="36" sl="130" sc="25" el="130" ec="87" bec="0" bev="0" fileid="46" />
                <SequencePoint vc="0" uspid="1274" ordinal="9" offset="50" sl="131" sc="21" el="131" ec="22" bec="0" bev="0" fileid="46" />
                <SequencePoint vc="0" uspid="1275" ordinal="10" offset="51" sl="133" sc="21" el="133" ec="40" bec="0" bev="0" fileid="46" />
                <SequencePoint vc="0" uspid="1276" ordinal="11" offset="63" sl="134" sc="17" el="134" ec="18" bec="0" bev="0" fileid="46" />
                <SequencePoint vc="0" uspid="1277" ordinal="12" offset="66" sl="135" sc="17" el="135" ec="37" bec="0" bev="0" fileid="46" />
                <SequencePoint vc="0" uspid="1278" ordinal="13" offset="67" sl="136" sc="17" el="136" ec="18" bec="0" bev="0" fileid="46" />
                <SequencePoint vc="0" uspid="1279" ordinal="14" offset="68" sl="137" sc="21" el="137" ec="53" bec="0" bev="0" fileid="46" />
                <SequencePoint vc="0" uspid="1280" ordinal="15" offset="86" sl="139" sc="17" el="139" ec="18" bec="0" bev="0" fileid="46" />
                <SequencePoint vc="0" uspid="1281" ordinal="16" offset="89" sl="140" sc="13" el="140" ec="14" bec="0" bev="0" fileid="46" />
                <SequencePoint vc="0" uspid="1282" ordinal="17" offset="90" sl="121" sc="13" el="121" ec="83" bec="2" bev="0" fileid="46" />
                <SequencePoint vc="0" uspid="1283" ordinal="18" offset="119" sl="142" sc="13" el="142" ec="30" bec="0" bev="0" fileid="46" />
                <SequencePoint vc="0" uspid="1284" ordinal="19" offset="126" sl="143" sc="9" el="143" ec="10" bec="0" bev="0" fileid="46" />
              </SequencePoints>
              <BranchPoints>
                <BranchPoint vc="0" uspid="1285" ordinal="0" offset="33" sl="127" path="0" offsetend="35" fileid="46" />
                <BranchPoint vc="0" uspid="1286" ordinal="1" offset="33" sl="127" path="1" offsetend="51" fileid="46" />
                <BranchPoint vc="0" uspid="1287" ordinal="2" offset="117" sl="121" path="0" offsetend="119" fileid="46" />
                <BranchPoint vc="0" uspid="1288" ordinal="3" offset="117" sl="121" path="1" offsetend="12" fileid="46" />
              </BranchPoints>
              <MethodPoint xsi:type="SequencePoint" vc="0" uspid="1265" ordinal="0" offset="0" sl="105" sc="9" el="105" ec="10" bec="0" bev="0" fileid="46" />
            </Method>
            <Method visited="false" cyclomaticComplexity="2" nPathComplexity="2" sequenceCoverage="0" branchCoverage="0" crapScore="6" isConstructor="false" isStatic="false" isGetter="false" isSetter="false">
              <Summary numSequencePoints="6" visitedSequencePoints="0" numBranchPoints="3" visitedBranchPoints="0" sequenceCoverage="0" branchCoverage="0" maxCyclomaticComplexity="2" minCyclomaticComplexity="2" maxCrapScore="6" minCrapScore="6" visitedClasses="0" numClasses="0" visitedMethods="0" numMethods="1" />
              <MetadataToken>100663614</MetadataToken>
              <Name>System.Void Battleships.BattleShipsEngine.Engine::OnStarted()</Name>
              <FileRef uid="46" />
              <SequencePoints>
                <SequencePoint vc="0" uspid="1289" ordinal="0" offset="0" sl="146" sc="9" el="146" ec="10" bec="0" bev="0" fileid="46" />
                <SequencePoint vc="0" uspid="1290" ordinal="1" offset="1" sl="147" sc="13" el="147" ec="38" bec="2" bev="0" fileid="46" />
                <SequencePoint vc="0" uspid="1291" ordinal="2" offset="14" sl="148" sc="13" el="148" ec="14" bec="0" bev="0" fileid="46" />
                <SequencePoint vc="0" uspid="1292" ordinal="3" offset="15" sl="149" sc="17" el="149" ec="32" bec="0" bev="0" fileid="46" />
                <SequencePoint vc="0" uspid="1293" ordinal="4" offset="27" sl="150" sc="13" el="150" ec="14" bec="0" bev="0" fileid="46" />
                <SequencePoint vc="0" uspid="1294" ordinal="5" offset="28" sl="151" sc="9" el="151" ec="10" bec="0" bev="0" fileid="46" />
              </SequencePoints>
              <BranchPoints>
                <BranchPoint vc="0" uspid="1295" ordinal="0" offset="12" sl="147" path="0" offsetend="14" fileid="46" />
                <BranchPoint vc="0" uspid="1296" ordinal="1" offset="12" sl="147" path="1" offsetend="28" fileid="46" />
              </BranchPoints>
              <MethodPoint xsi:type="SequencePoint" vc="0" uspid="1289" ordinal="0" offset="0" sl="146" sc="9" el="146" ec="10" bec="0" bev="0" fileid="46" />
            </Method>
            <Method visited="false" cyclomaticComplexity="2" nPathComplexity="2" sequenceCoverage="0" branchCoverage="0" crapScore="6" isConstructor="false" isStatic="false" isGetter="false" isSetter="false">
              <Summary numSequencePoints="6" visitedSequencePoints="0" numBranchPoints="3" visitedBranchPoints="0" sequenceCoverage="0" branchCoverage="0" maxCyclomaticComplexity="2" minCyclomaticComplexity="2" maxCrapScore="6" minCrapScore="6" visitedClasses="0" numClasses="0" visitedMethods="0" numMethods="1" />
              <MetadataToken>100663615</MetadataToken>
              <Name>System.Void Battleships.BattleShipsEngine.Engine::OnStopped()</Name>
              <FileRef uid="46" />
              <SequencePoints>
                <SequencePoint vc="0" uspid="1297" ordinal="0" offset="0" sl="154" sc="9" el="154" ec="10" bec="0" bev="0" fileid="46" />
                <SequencePoint vc="0" uspid="1298" ordinal="1" offset="1" sl="155" sc="13" el="155" ec="38" bec="2" bev="0" fileid="46" />
                <SequencePoint vc="0" uspid="1299" ordinal="2" offset="14" sl="156" sc="13" el="156" ec="14" bec="0" bev="0" fileid="46" />
                <SequencePoint vc="0" uspid="1300" ordinal="3" offset="15" sl="157" sc="17" el="157" ec="32" bec="0" bev="0" fileid="46" />
                <SequencePoint vc="0" uspid="1301" ordinal="4" offset="27" sl="158" sc="13" el="158" ec="14" bec="0" bev="0" fileid="46" />
                <SequencePoint vc="0" uspid="1302" ordinal="5" offset="28" sl="159" sc="9" el="159" ec="10" bec="0" bev="0" fileid="46" />
              </SequencePoints>
              <BranchPoints>
                <BranchPoint vc="0" uspid="1303" ordinal="0" offset="12" sl="155" path="0" offsetend="14" fileid="46" />
                <BranchPoint vc="0" uspid="1304" ordinal="1" offset="12" sl="155" path="1" offsetend="28" fileid="46" />
              </BranchPoints>
              <MethodPoint xsi:type="SequencePoint" vc="0" uspid="1297" ordinal="0" offset="0" sl="154" sc="9" el="154" ec="10" bec="0" bev="0" fileid="46" />
            </Method>
          </Methods>
        </Class>
      </Classes>
      <TrackedMethods />
    </Module>
  </Modules>
</CoverageSession>